[2021-08-27 11:08:00] local.ERROR: SQLSTATE[42000] [1203] User dummych already has more than 'max_user_connections' active connections (SQL: select * from `users` where `id` = 1 limit 1) {"exception":"[object] (Illuminate\\Database\\QueryException(code: 1203): SQLSTATE[42000] [1203] User dummych already has more than 'max_user_connections' active connections (SQL: select * from `users` where `id` = 1 limit 1) at /home/a0yq2z3dupoj/public_html/my/vendor/laravel/framework/src/Illuminate/Database/Connection.php:664, PDOException(code: 1203): SQLSTATE[42000] [1203] User dummych already has more than 'max_user_connections' active connections at /home/a0yq2z3dupoj/public_html/my/vendor/laravel/framework/src/Illuminate/Database/Connectors/Connector.php:70)
[stacktrace]
#0 /home/a0yq2z3dupoj/public_html/my/vendor/laravel/framework/src/Illuminate/Database/Connection.php(624): Illuminate\\Database\\Connection->runQueryCallback('select * from `...', Array, Object(Closure))
#1 /home/a0yq2z3dupoj/public_html/my/vendor/laravel/framework/src/Illuminate/Database/Connection.php(333): Illuminate\\Database\\Connection->run('select * from `...', Array, Object(Closure))
#2 /home/a0yq2z3dupoj/public_html/my/vendor/laravel/framework/src/Illuminate/Database/Query/Builder.php(2130): Illuminate\\Database\\Connection->select('select * from `...', Array, true)
#3 /home/a0yq2z3dupoj/public_html/my/vendor/laravel/framework/src/Illuminate/Database/Query/Builder.php(2118): Illuminate\\Database\\Query\\Builder->runSelect()
#4 /home/a0yq2z3dupoj/public_html/my/vendor/laravel/framework/src/Illuminate/Database/Query/Builder.php(2604): Illuminate\\Database\\Query\\Builder->Illuminate\\Database\\Query\\{closure}()
#5 /home/a0yq2z3dupoj/public_html/my/vendor/laravel/framework/src/Illuminate/Database/Query/Builder.php(2119): Illuminate\\Database\\Query\\Builder->onceWithColumns(Array, Object(Closure))
#6 /home/a0yq2z3dupoj/public_html/my/vendor/laravel/framework/src/Illuminate/Database/Concerns/BuildsQueries.php(77): Illuminate\\Database\\Query\\Builder->get(Array)
#7 /home/a0yq2z3dupoj/public_html/my/app/Models/Members.php(173): Illuminate\\Database\\Query\\Builder->first()
#8 /home/a0yq2z3dupoj/public_html/my/app/Providers/AppServiceProvider.php(48): ZigKart\\Models\\Members::adminData()
#9 [internal function]: ZigKart\\Providers\\AppServiceProvider->boot()
#10 /home/a0yq2z3dupoj/public_html/my/vendor/laravel/framework/src/Illuminate/Container/BoundMethod.php(32): call_user_func_array(Array, Array)
#11 /home/a0yq2z3dupoj/public_html/my/vendor/laravel/framework/src/Illuminate/Container/BoundMethod.php(90): Illuminate\\Container\\BoundMethod::Illuminate\\Container\\{closure}()
#12 /home/a0yq2z3dupoj/public_html/my/vendor/laravel/framework/src/Illuminate/Container/BoundMethod.php(34): Illuminate\\Container\\BoundMethod::callBoundMethod(Object(Illuminate\\Foundation\\Application), Array, Object(Closure))
#13 /home/a0yq2z3dupoj/public_html/my/vendor/laravel/framework/src/Illuminate/Container/Container.php(576): Illuminate\\Container\\BoundMethod::call(Object(Illuminate\\Foundation\\Application), Array, Array, NULL)
#14 /home/a0yq2z3dupoj/public_html/my/vendor/laravel/framework/src/Illuminate/Foundation/Application.php(827): Illuminate\\Container\\Container->call(Array)
#15 /home/a0yq2z3dupoj/public_html/my/vendor/laravel/framework/src/Illuminate/Foundation/Application.php(810): Illuminate\\Foundation\\Application->bootProvider(Object(ZigKart\\Providers\\AppServiceProvider))
#16 [internal function]: Illuminate\\Foundation\\Application->Illuminate\\Foundation\\{closure}(Object(ZigKart\\Providers\\AppServiceProvider), 20)
#17 /home/a0yq2z3dupoj/public_html/my/vendor/laravel/framework/src/Illuminate/Foundation/Application.php(811): array_walk(Array, Object(Closure))
#18 /home/a0yq2z3dupoj/public_html/my/vendor/laravel/framework/src/Illuminate/Foundation/Bootstrap/BootProviders.php(17): Illuminate\\Foundation\\Application->boot()
#19 /home/a0yq2z3dupoj/public_html/my/vendor/laravel/framework/src/Illuminate/Foundation/Application.php(210): Illuminate\\Foundation\\Bootstrap\\BootProviders->bootstrap(Object(Illuminate\\Foundation\\Application))
#20 /home/a0yq2z3dupoj/public_html/my/vendor/laravel/framework/src/Illuminate/Foundation/Http/Kernel.php(162): Illuminate\\Foundation\\Application->bootstrapWith(Array)
#21 /home/a0yq2z3dupoj/public_html/my/vendor/laravel/framework/src/Illuminate/Foundation/Http/Kernel.php(146): Illuminate\\Foundation\\Http\\Kernel->bootstrap()
#22 /home/a0yq2z3dupoj/public_html/my/vendor/laravel/framework/src/Illuminate/Foundation/Http/Kernel.php(116): Illuminate\\Foundation\\Http\\Kernel->sendRequestThroughRouter(Object(Illuminate\\Http\\Request))
#23 /home/a0yq2z3dupoj/public_html/my/index.php(54): Illuminate\\Foundation\\Http\\Kernel->handle(Object(Illuminate\\Http\\Request))
#24 {main}
"} 
[2021-08-27 11:08:00] local.ERROR: SQLSTATE[42000] [1203] User dummych already has more than 'max_user_connections' active connections (SQL: select * from `users` where `id` = 1 limit 1) {"exception":"[object] (Illuminate\\Database\\QueryException(code: 1203): SQLSTATE[42000] [1203] User dummych already has more than 'max_user_connections' active connections (SQL: select * from `users` where `id` = 1 limit 1) at /home/a0yq2z3dupoj/public_html/my/vendor/laravel/framework/src/Illuminate/Database/Connection.php:664, PDOException(code: 1203): SQLSTATE[42000] [1203] User dummych already has more than 'max_user_connections' active connections at /home/a0yq2z3dupoj/public_html/my/vendor/laravel/framework/src/Illuminate/Database/Connectors/Connector.php:70)
[stacktrace]
#0 /home/a0yq2z3dupoj/public_html/my/vendor/laravel/framework/src/Illuminate/Database/Connection.php(624): Illuminate\\Database\\Connection->runQueryCallback('select * from `...', Array, Object(Closure))
#1 /home/a0yq2z3dupoj/public_html/my/vendor/laravel/framework/src/Illuminate/Database/Connection.php(333): Illuminate\\Database\\Connection->run('select * from `...', Array, Object(Closure))
#2 /home/a0yq2z3dupoj/public_html/my/vendor/laravel/framework/src/Illuminate/Database/Query/Builder.php(2130): Illuminate\\Database\\Connection->select('select * from `...', Array, true)
#3 /home/a0yq2z3dupoj/public_html/my/vendor/laravel/framework/src/Illuminate/Database/Query/Builder.php(2118): Illuminate\\Database\\Query\\Builder->runSelect()
#4 /home/a0yq2z3dupoj/public_html/my/vendor/laravel/framework/src/Illuminate/Database/Query/Builder.php(2604): Illuminate\\Database\\Query\\Builder->Illuminate\\Database\\Query\\{closure}()
#5 /home/a0yq2z3dupoj/public_html/my/vendor/laravel/framework/src/Illuminate/Database/Query/Builder.php(2119): Illuminate\\Database\\Query\\Builder->onceWithColumns(Array, Object(Closure))
#6 /home/a0yq2z3dupoj/public_html/my/vendor/laravel/framework/src/Illuminate/Database/Concerns/BuildsQueries.php(77): Illuminate\\Database\\Query\\Builder->get(Array)
#7 /home/a0yq2z3dupoj/public_html/my/app/Models/Members.php(173): Illuminate\\Database\\Query\\Builder->first()
#8 /home/a0yq2z3dupoj/public_html/my/app/Providers/AppServiceProvider.php(48): ZigKart\\Models\\Members::adminData()
#9 [internal function]: ZigKart\\Providers\\AppServiceProvider->boot()
#10 /home/a0yq2z3dupoj/public_html/my/vendor/laravel/framework/src/Illuminate/Container/BoundMethod.php(32): call_user_func_array(Array, Array)
#11 /home/a0yq2z3dupoj/public_html/my/vendor/laravel/framework/src/Illuminate/Container/BoundMethod.php(90): Illuminate\\Container\\BoundMethod::Illuminate\\Container\\{closure}()
#12 /home/a0yq2z3dupoj/public_html/my/vendor/laravel/framework/src/Illuminate/Container/BoundMethod.php(34): Illuminate\\Container\\BoundMethod::callBoundMethod(Object(Illuminate\\Foundation\\Application), Array, Object(Closure))
#13 /home/a0yq2z3dupoj/public_html/my/vendor/laravel/framework/src/Illuminate/Container/Container.php(576): Illuminate\\Container\\BoundMethod::call(Object(Illuminate\\Foundation\\Application), Array, Array, NULL)
#14 /home/a0yq2z3dupoj/public_html/my/vendor/laravel/framework/src/Illuminate/Foundation/Application.php(827): Illuminate\\Container\\Container->call(Array)
#15 /home/a0yq2z3dupoj/public_html/my/vendor/laravel/framework/src/Illuminate/Foundation/Application.php(810): Illuminate\\Foundation\\Application->bootProvider(Object(ZigKart\\Providers\\AppServiceProvider))
#16 [internal function]: Illuminate\\Foundation\\Application->Illuminate\\Foundation\\{closure}(Object(ZigKart\\Providers\\AppServiceProvider), 20)
#17 /home/a0yq2z3dupoj/public_html/my/vendor/laravel/framework/src/Illuminate/Foundation/Application.php(811): array_walk(Array, Object(Closure))
#18 /home/a0yq2z3dupoj/public_html/my/vendor/laravel/framework/src/Illuminate/Foundation/Bootstrap/BootProviders.php(17): Illuminate\\Foundation\\Application->boot()
#19 /home/a0yq2z3dupoj/public_html/my/vendor/laravel/framework/src/Illuminate/Foundation/Application.php(210): Illuminate\\Foundation\\Bootstrap\\BootProviders->bootstrap(Object(Illuminate\\Foundation\\Application))
#20 /home/a0yq2z3dupoj/public_html/my/vendor/laravel/framework/src/Illuminate/Foundation/Http/Kernel.php(162): Illuminate\\Foundation\\Application->bootstrapWith(Array)
#21 /home/a0yq2z3dupoj/public_html/my/vendor/laravel/framework/src/Illuminate/Foundation/Http/Kernel.php(146): Illuminate\\Foundation\\Http\\Kernel->bootstrap()
#22 /home/a0yq2z3dupoj/public_html/my/vendor/laravel/framework/src/Illuminate/Foundation/Http/Kernel.php(116): Illuminate\\Foundation\\Http\\Kernel->sendRequestThroughRouter(Object(Illuminate\\Http\\Request))
#23 /home/a0yq2z3dupoj/public_html/my/index.php(54): Illuminate\\Foundation\\Http\\Kernel->handle(Object(Illuminate\\Http\\Request))
#24 {main}
"} 
[2021-08-27 11:08:00] local.ERROR: SQLSTATE[42000] [1203] User dummych already has more than 'max_user_connections' active connections (SQL: select * from `users` where `id` = 1 limit 1) {"exception":"[object] (Illuminate\\Database\\QueryException(code: 1203): SQLSTATE[42000] [1203] User dummych already has more than 'max_user_connections' active connections (SQL: select * from `users` where `id` = 1 limit 1) at /home/a0yq2z3dupoj/public_html/my/vendor/laravel/framework/src/Illuminate/Database/Connection.php:664, PDOException(code: 1203): SQLSTATE[42000] [1203] User dummych already has more than 'max_user_connections' active connections at /home/a0yq2z3dupoj/public_html/my/vendor/laravel/framework/src/Illuminate/Database/Connectors/Connector.php:70)
[stacktrace]
#0 /home/a0yq2z3dupoj/public_html/my/vendor/laravel/framework/src/Illuminate/Database/Connection.php(624): Illuminate\\Database\\Connection->runQueryCallback('select * from `...', Array, Object(Closure))
#1 /home/a0yq2z3dupoj/public_html/my/vendor/laravel/framework/src/Illuminate/Database/Connection.php(333): Illuminate\\Database\\Connection->run('select * from `...', Array, Object(Closure))
#2 /home/a0yq2z3dupoj/public_html/my/vendor/laravel/framework/src/Illuminate/Database/Query/Builder.php(2130): Illuminate\\Database\\Connection->select('select * from `...', Array, true)
#3 /home/a0yq2z3dupoj/public_html/my/vendor/laravel/framework/src/Illuminate/Database/Query/Builder.php(2118): Illuminate\\Database\\Query\\Builder->runSelect()
#4 /home/a0yq2z3dupoj/public_html/my/vendor/laravel/framework/src/Illuminate/Database/Query/Builder.php(2604): Illuminate\\Database\\Query\\Builder->Illuminate\\Database\\Query\\{closure}()
#5 /home/a0yq2z3dupoj/public_html/my/vendor/laravel/framework/src/Illuminate/Database/Query/Builder.php(2119): Illuminate\\Database\\Query\\Builder->onceWithColumns(Array, Object(Closure))
#6 /home/a0yq2z3dupoj/public_html/my/vendor/laravel/framework/src/Illuminate/Database/Concerns/BuildsQueries.php(77): Illuminate\\Database\\Query\\Builder->get(Array)
#7 /home/a0yq2z3dupoj/public_html/my/app/Models/Members.php(173): Illuminate\\Database\\Query\\Builder->first()
#8 /home/a0yq2z3dupoj/public_html/my/app/Providers/AppServiceProvider.php(48): ZigKart\\Models\\Members::adminData()
#9 [internal function]: ZigKart\\Providers\\AppServiceProvider->boot()
#10 /home/a0yq2z3dupoj/public_html/my/vendor/laravel/framework/src/Illuminate/Container/BoundMethod.php(32): call_user_func_array(Array, Array)
#11 /home/a0yq2z3dupoj/public_html/my/vendor/laravel/framework/src/Illuminate/Container/BoundMethod.php(90): Illuminate\\Container\\BoundMethod::Illuminate\\Container\\{closure}()
#12 /home/a0yq2z3dupoj/public_html/my/vendor/laravel/framework/src/Illuminate/Container/BoundMethod.php(34): Illuminate\\Container\\BoundMethod::callBoundMethod(Object(Illuminate\\Foundation\\Application), Array, Object(Closure))
#13 /home/a0yq2z3dupoj/public_html/my/vendor/laravel/framework/src/Illuminate/Container/Container.php(576): Illuminate\\Container\\BoundMethod::call(Object(Illuminate\\Foundation\\Application), Array, Array, NULL)
#14 /home/a0yq2z3dupoj/public_html/my/vendor/laravel/framework/src/Illuminate/Foundation/Application.php(827): Illuminate\\Container\\Container->call(Array)
#15 /home/a0yq2z3dupoj/public_html/my/vendor/laravel/framework/src/Illuminate/Foundation/Application.php(810): Illuminate\\Foundation\\Application->bootProvider(Object(ZigKart\\Providers\\AppServiceProvider))
#16 [internal function]: Illuminate\\Foundation\\Application->Illuminate\\Foundation\\{closure}(Object(ZigKart\\Providers\\AppServiceProvider), 20)
#17 /home/a0yq2z3dupoj/public_html/my/vendor/laravel/framework/src/Illuminate/Foundation/Application.php(811): array_walk(Array, Object(Closure))
#18 /home/a0yq2z3dupoj/public_html/my/vendor/laravel/framework/src/Illuminate/Foundation/Bootstrap/BootProviders.php(17): Illuminate\\Foundation\\Application->boot()
#19 /home/a0yq2z3dupoj/public_html/my/vendor/laravel/framework/src/Illuminate/Foundation/Application.php(210): Illuminate\\Foundation\\Bootstrap\\BootProviders->bootstrap(Object(Illuminate\\Foundation\\Application))
#20 /home/a0yq2z3dupoj/public_html/my/vendor/laravel/framework/src/Illuminate/Foundation/Http/Kernel.php(162): Illuminate\\Foundation\\Application->bootstrapWith(Array)
#21 /home/a0yq2z3dupoj/public_html/my/vendor/laravel/framework/src/Illuminate/Foundation/Http/Kernel.php(146): Illuminate\\Foundation\\Http\\Kernel->bootstrap()
#22 /home/a0yq2z3dupoj/public_html/my/vendor/laravel/framework/src/Illuminate/Foundation/Http/Kernel.php(116): Illuminate\\Foundation\\Http\\Kernel->sendRequestThroughRouter(Object(Illuminate\\Http\\Request))
#23 /home/a0yq2z3dupoj/public_html/my/index.php(54): Illuminate\\Foundation\\Http\\Kernel->handle(Object(Illuminate\\Http\\Request))
#24 {main}
"} 
[2021-08-27 11:08:00] local.ERROR: SQLSTATE[42000] [1203] User dummych already has more than 'max_user_connections' active connections (SQL: select * from `users` where `id` = 1 limit 1) {"exception":"[object] (Illuminate\\Database\\QueryException(code: 1203): SQLSTATE[42000] [1203] User dummych already has more than 'max_user_connections' active connections (SQL: select * from `users` where `id` = 1 limit 1) at /home/a0yq2z3dupoj/public_html/my/vendor/laravel/framework/src/Illuminate/Database/Connection.php:664, PDOException(code: 1203): SQLSTATE[42000] [1203] User dummych already has more than 'max_user_connections' active connections at /home/a0yq2z3dupoj/public_html/my/vendor/laravel/framework/src/Illuminate/Database/Connectors/Connector.php:70)
[stacktrace]
#0 /home/a0yq2z3dupoj/public_html/my/vendor/laravel/framework/src/Illuminate/Database/Connection.php(624): Illuminate\\Database\\Connection->runQueryCallback('select * from `...', Array, Object(Closure))
#1 /home/a0yq2z3dupoj/public_html/my/vendor/laravel/framework/src/Illuminate/Database/Connection.php(333): Illuminate\\Database\\Connection->run('select * from `...', Array, Object(Closure))
#2 /home/a0yq2z3dupoj/public_html/my/vendor/laravel/framework/src/Illuminate/Database/Query/Builder.php(2130): Illuminate\\Database\\Connection->select('select * from `...', Array, true)
#3 /home/a0yq2z3dupoj/public_html/my/vendor/laravel/framework/src/Illuminate/Database/Query/Builder.php(2118): Illuminate\\Database\\Query\\Builder->runSelect()
#4 /home/a0yq2z3dupoj/public_html/my/vendor/laravel/framework/src/Illuminate/Database/Query/Builder.php(2604): Illuminate\\Database\\Query\\Builder->Illuminate\\Database\\Query\\{closure}()
#5 /home/a0yq2z3dupoj/public_html/my/vendor/laravel/framework/src/Illuminate/Database/Query/Builder.php(2119): Illuminate\\Database\\Query\\Builder->onceWithColumns(Array, Object(Closure))
#6 /home/a0yq2z3dupoj/public_html/my/vendor/laravel/framework/src/Illuminate/Database/Concerns/BuildsQueries.php(77): Illuminate\\Database\\Query\\Builder->get(Array)
#7 /home/a0yq2z3dupoj/public_html/my/app/Models/Members.php(173): Illuminate\\Database\\Query\\Builder->first()
#8 /home/a0yq2z3dupoj/public_html/my/app/Providers/AppServiceProvider.php(48): ZigKart\\Models\\Members::adminData()
#9 [internal function]: ZigKart\\Providers\\AppServiceProvider->boot()
#10 /home/a0yq2z3dupoj/public_html/my/vendor/laravel/framework/src/Illuminate/Container/BoundMethod.php(32): call_user_func_array(Array, Array)
#11 /home/a0yq2z3dupoj/public_html/my/vendor/laravel/framework/src/Illuminate/Container/BoundMethod.php(90): Illuminate\\Container\\BoundMethod::Illuminate\\Container\\{closure}()
#12 /home/a0yq2z3dupoj/public_html/my/vendor/laravel/framework/src/Illuminate/Container/BoundMethod.php(34): Illuminate\\Container\\BoundMethod::callBoundMethod(Object(Illuminate\\Foundation\\Application), Array, Object(Closure))
#13 /home/a0yq2z3dupoj/public_html/my/vendor/laravel/framework/src/Illuminate/Container/Container.php(576): Illuminate\\Container\\BoundMethod::call(Object(Illuminate\\Foundation\\Application), Array, Array, NULL)
#14 /home/a0yq2z3dupoj/public_html/my/vendor/laravel/framework/src/Illuminate/Foundation/Application.php(827): Illuminate\\Container\\Container->call(Array)
#15 /home/a0yq2z3dupoj/public_html/my/vendor/laravel/framework/src/Illuminate/Foundation/Application.php(810): Illuminate\\Foundation\\Application->bootProvider(Object(ZigKart\\Providers\\AppServiceProvider))
#16 [internal function]: Illuminate\\Foundation\\Application->Illuminate\\Foundation\\{closure}(Object(ZigKart\\Providers\\AppServiceProvider), 20)
#17 /home/a0yq2z3dupoj/public_html/my/vendor/laravel/framework/src/Illuminate/Foundation/Application.php(811): array_walk(Array, Object(Closure))
#18 /home/a0yq2z3dupoj/public_html/my/vendor/laravel/framework/src/Illuminate/Foundation/Bootstrap/BootProviders.php(17): Illuminate\\Foundation\\Application->boot()
#19 /home/a0yq2z3dupoj/public_html/my/vendor/laravel/framework/src/Illuminate/Foundation/Application.php(210): Illuminate\\Foundation\\Bootstrap\\BootProviders->bootstrap(Object(Illuminate\\Foundation\\Application))
#20 /home/a0yq2z3dupoj/public_html/my/vendor/laravel/framework/src/Illuminate/Foundation/Http/Kernel.php(162): Illuminate\\Foundation\\Application->bootstrapWith(Array)
#21 /home/a0yq2z3dupoj/public_html/my/vendor/laravel/framework/src/Illuminate/Foundation/Http/Kernel.php(146): Illuminate\\Foundation\\Http\\Kernel->bootstrap()
#22 /home/a0yq2z3dupoj/public_html/my/vendor/laravel/framework/src/Illuminate/Foundation/Http/Kernel.php(116): Illuminate\\Foundation\\Http\\Kernel->sendRequestThroughRouter(Object(Illuminate\\Http\\Request))
#23 /home/a0yq2z3dupoj/public_html/my/index.php(54): Illuminate\\Foundation\\Http\\Kernel->handle(Object(Illuminate\\Http\\Request))
#24 {main}
"} 
[2021-08-27 11:08:00] local.ERROR: SQLSTATE[42000] [1203] User dummych already has more than 'max_user_connections' active connections (SQL: select * from `users` where `id` = 1 limit 1) {"exception":"[object] (Illuminate\\Database\\QueryException(code: 1203): SQLSTATE[42000] [1203] User dummych already has more than 'max_user_connections' active connections (SQL: select * from `users` where `id` = 1 limit 1) at /home/a0yq2z3dupoj/public_html/my/vendor/laravel/framework/src/Illuminate/Database/Connection.php:664, PDOException(code: 1203): SQLSTATE[42000] [1203] User dummych already has more than 'max_user_connections' active connections at /home/a0yq2z3dupoj/public_html/my/vendor/laravel/framework/src/Illuminate/Database/Connectors/Connector.php:70)
[stacktrace]
#0 /home/a0yq2z3dupoj/public_html/my/vendor/laravel/framework/src/Illuminate/Database/Connection.php(624): Illuminate\\Database\\Connection->runQueryCallback('select * from `...', Array, Object(Closure))
#1 /home/a0yq2z3dupoj/public_html/my/vendor/laravel/framework/src/Illuminate/Database/Connection.php(333): Illuminate\\Database\\Connection->run('select * from `...', Array, Object(Closure))
#2 /home/a0yq2z3dupoj/public_html/my/vendor/laravel/framework/src/Illuminate/Database/Query/Builder.php(2130): Illuminate\\Database\\Connection->select('select * from `...', Array, true)
#3 /home/a0yq2z3dupoj/public_html/my/vendor/laravel/framework/src/Illuminate/Database/Query/Builder.php(2118): Illuminate\\Database\\Query\\Builder->runSelect()
#4 /home/a0yq2z3dupoj/public_html/my/vendor/laravel/framework/src/Illuminate/Database/Query/Builder.php(2604): Illuminate\\Database\\Query\\Builder->Illuminate\\Database\\Query\\{closure}()
#5 /home/a0yq2z3dupoj/public_html/my/vendor/laravel/framework/src/Illuminate/Database/Query/Builder.php(2119): Illuminate\\Database\\Query\\Builder->onceWithColumns(Array, Object(Closure))
#6 /home/a0yq2z3dupoj/public_html/my/vendor/laravel/framework/src/Illuminate/Database/Concerns/BuildsQueries.php(77): Illuminate\\Database\\Query\\Builder->get(Array)
#7 /home/a0yq2z3dupoj/public_html/my/app/Models/Members.php(173): Illuminate\\Database\\Query\\Builder->first()
#8 /home/a0yq2z3dupoj/public_html/my/app/Providers/AppServiceProvider.php(48): ZigKart\\Models\\Members::adminData()
#9 [internal function]: ZigKart\\Providers\\AppServiceProvider->boot()
#10 /home/a0yq2z3dupoj/public_html/my/vendor/laravel/framework/src/Illuminate/Container/BoundMethod.php(32): call_user_func_array(Array, Array)
#11 /home/a0yq2z3dupoj/public_html/my/vendor/laravel/framework/src/Illuminate/Container/BoundMethod.php(90): Illuminate\\Container\\BoundMethod::Illuminate\\Container\\{closure}()
#12 /home/a0yq2z3dupoj/public_html/my/vendor/laravel/framework/src/Illuminate/Container/BoundMethod.php(34): Illuminate\\Container\\BoundMethod::callBoundMethod(Object(Illuminate\\Foundation\\Application), Array, Object(Closure))
#13 /home/a0yq2z3dupoj/public_html/my/vendor/laravel/framework/src/Illuminate/Container/Container.php(576): Illuminate\\Container\\BoundMethod::call(Object(Illuminate\\Foundation\\Application), Array, Array, NULL)
#14 /home/a0yq2z3dupoj/public_html/my/vendor/laravel/framework/src/Illuminate/Foundation/Application.php(827): Illuminate\\Container\\Container->call(Array)
#15 /home/a0yq2z3dupoj/public_html/my/vendor/laravel/framework/src/Illuminate/Foundation/Application.php(810): Illuminate\\Foundation\\Application->bootProvider(Object(ZigKart\\Providers\\AppServiceProvider))
#16 [internal function]: Illuminate\\Foundation\\Application->Illuminate\\Foundation\\{closure}(Object(ZigKart\\Providers\\AppServiceProvider), 20)
#17 /home/a0yq2z3dupoj/public_html/my/vendor/laravel/framework/src/Illuminate/Foundation/Application.php(811): array_walk(Array, Object(Closure))
#18 /home/a0yq2z3dupoj/public_html/my/vendor/laravel/framework/src/Illuminate/Foundation/Bootstrap/BootProviders.php(17): Illuminate\\Foundation\\Application->boot()
#19 /home/a0yq2z3dupoj/public_html/my/vendor/laravel/framework/src/Illuminate/Foundation/Application.php(210): Illuminate\\Foundation\\Bootstrap\\BootProviders->bootstrap(Object(Illuminate\\Foundation\\Application))
#20 /home/a0yq2z3dupoj/public_html/my/vendor/laravel/framework/src/Illuminate/Foundation/Http/Kernel.php(162): Illuminate\\Foundation\\Application->bootstrapWith(Array)
#21 /home/a0yq2z3dupoj/public_html/my/vendor/laravel/framework/src/Illuminate/Foundation/Http/Kernel.php(146): Illuminate\\Foundation\\Http\\Kernel->bootstrap()
#22 /home/a0yq2z3dupoj/public_html/my/vendor/laravel/framework/src/Illuminate/Foundation/Http/Kernel.php(116): Illuminate\\Foundation\\Http\\Kernel->sendRequestThroughRouter(Object(Illuminate\\Http\\Request))
#23 /home/a0yq2z3dupoj/public_html/my/index.php(54): Illuminate\\Foundation\\Http\\Kernel->handle(Object(Illuminate\\Http\\Request))
#24 {main}
"} 
[2021-08-27 11:08:00] local.ERROR: SQLSTATE[42000] [1203] User dummych already has more than 'max_user_connections' active connections (SQL: select * from `users` where `id` = 1 limit 1) {"exception":"[object] (Illuminate\\Database\\QueryException(code: 1203): SQLSTATE[42000] [1203] User dummych already has more than 'max_user_connections' active connections (SQL: select * from `users` where `id` = 1 limit 1) at /home/a0yq2z3dupoj/public_html/my/vendor/laravel/framework/src/Illuminate/Database/Connection.php:664, PDOException(code: 1203): SQLSTATE[42000] [1203] User dummych already has more than 'max_user_connections' active connections at /home/a0yq2z3dupoj/public_html/my/vendor/laravel/framework/src/Illuminate/Database/Connectors/Connector.php:70)
[stacktrace]
#0 /home/a0yq2z3dupoj/public_html/my/vendor/laravel/framework/src/Illuminate/Database/Connection.php(624): Illuminate\\Database\\Connection->runQueryCallback('select * from `...', Array, Object(Closure))
#1 /home/a0yq2z3dupoj/public_html/my/vendor/laravel/framework/src/Illuminate/Database/Connection.php(333): Illuminate\\Database\\Connection->run('select * from `...', Array, Object(Closure))
#2 /home/a0yq2z3dupoj/public_html/my/vendor/laravel/framework/src/Illuminate/Database/Query/Builder.php(2130): Illuminate\\Database\\Connection->select('select * from `...', Array, true)
#3 /home/a0yq2z3dupoj/public_html/my/vendor/laravel/framework/src/Illuminate/Database/Query/Builder.php(2118): Illuminate\\Database\\Query\\Builder->runSelect()
#4 /home/a0yq2z3dupoj/public_html/my/vendor/laravel/framework/src/Illuminate/Database/Query/Builder.php(2604): Illuminate\\Database\\Query\\Builder->Illuminate\\Database\\Query\\{closure}()
#5 /home/a0yq2z3dupoj/public_html/my/vendor/laravel/framework/src/Illuminate/Database/Query/Builder.php(2119): Illuminate\\Database\\Query\\Builder->onceWithColumns(Array, Object(Closure))
#6 /home/a0yq2z3dupoj/public_html/my/vendor/laravel/framework/src/Illuminate/Database/Concerns/BuildsQueries.php(77): Illuminate\\Database\\Query\\Builder->get(Array)
#7 /home/a0yq2z3dupoj/public_html/my/app/Models/Members.php(173): Illuminate\\Database\\Query\\Builder->first()
#8 /home/a0yq2z3dupoj/public_html/my/app/Providers/AppServiceProvider.php(48): ZigKart\\Models\\Members::adminData()
#9 [internal function]: ZigKart\\Providers\\AppServiceProvider->boot()
#10 /home/a0yq2z3dupoj/public_html/my/vendor/laravel/framework/src/Illuminate/Container/BoundMethod.php(32): call_user_func_array(Array, Array)
#11 /home/a0yq2z3dupoj/public_html/my/vendor/laravel/framework/src/Illuminate/Container/BoundMethod.php(90): Illuminate\\Container\\BoundMethod::Illuminate\\Container\\{closure}()
#12 /home/a0yq2z3dupoj/public_html/my/vendor/laravel/framework/src/Illuminate/Container/BoundMethod.php(34): Illuminate\\Container\\BoundMethod::callBoundMethod(Object(Illuminate\\Foundation\\Application), Array, Object(Closure))
#13 /home/a0yq2z3dupoj/public_html/my/vendor/laravel/framework/src/Illuminate/Container/Container.php(576): Illuminate\\Container\\BoundMethod::call(Object(Illuminate\\Foundation\\Application), Array, Array, NULL)
#14 /home/a0yq2z3dupoj/public_html/my/vendor/laravel/framework/src/Illuminate/Foundation/Application.php(827): Illuminate\\Container\\Container->call(Array)
#15 /home/a0yq2z3dupoj/public_html/my/vendor/laravel/framework/src/Illuminate/Foundation/Application.php(810): Illuminate\\Foundation\\Application->bootProvider(Object(ZigKart\\Providers\\AppServiceProvider))
#16 [internal function]: Illuminate\\Foundation\\Application->Illuminate\\Foundation\\{closure}(Object(ZigKart\\Providers\\AppServiceProvider), 20)
#17 /home/a0yq2z3dupoj/public_html/my/vendor/laravel/framework/src/Illuminate/Foundation/Application.php(811): array_walk(Array, Object(Closure))
#18 /home/a0yq2z3dupoj/public_html/my/vendor/laravel/framework/src/Illuminate/Foundation/Bootstrap/BootProviders.php(17): Illuminate\\Foundation\\Application->boot()
#19 /home/a0yq2z3dupoj/public_html/my/vendor/laravel/framework/src/Illuminate/Foundation/Application.php(210): Illuminate\\Foundation\\Bootstrap\\BootProviders->bootstrap(Object(Illuminate\\Foundation\\Application))
#20 /home/a0yq2z3dupoj/public_html/my/vendor/laravel/framework/src/Illuminate/Foundation/Http/Kernel.php(162): Illuminate\\Foundation\\Application->bootstrapWith(Array)
#21 /home/a0yq2z3dupoj/public_html/my/vendor/laravel/framework/src/Illuminate/Foundation/Http/Kernel.php(146): Illuminate\\Foundation\\Http\\Kernel->bootstrap()
#22 /home/a0yq2z3dupoj/public_html/my/vendor/laravel/framework/src/Illuminate/Foundation/Http/Kernel.php(116): Illuminate\\Foundation\\Http\\Kernel->sendRequestThroughRouter(Object(Illuminate\\Http\\Request))
#23 /home/a0yq2z3dupoj/public_html/my/index.php(54): Illuminate\\Foundation\\Http\\Kernel->handle(Object(Illuminate\\Http\\Request))
#24 {main}
"} 
[2021-08-27 11:08:00] local.ERROR: SQLSTATE[42000] [1203] User dummych already has more than 'max_user_connections' active connections (SQL: select * from `users` where `id` = 1 limit 1) {"exception":"[object] (Illuminate\\Database\\QueryException(code: 1203): SQLSTATE[42000] [1203] User dummych already has more than 'max_user_connections' active connections (SQL: select * from `users` where `id` = 1 limit 1) at /home/a0yq2z3dupoj/public_html/my/vendor/laravel/framework/src/Illuminate/Database/Connection.php:664, PDOException(code: 1203): SQLSTATE[42000] [1203] User dummych already has more than 'max_user_connections' active connections at /home/a0yq2z3dupoj/public_html/my/vendor/laravel/framework/src/Illuminate/Database/Connectors/Connector.php:70)
[stacktrace]
#0 /home/a0yq2z3dupoj/public_html/my/vendor/laravel/framework/src/Illuminate/Database/Connection.php(624): Illuminate\\Database\\Connection->runQueryCallback('select * from `...', Array, Object(Closure))
#1 /home/a0yq2z3dupoj/public_html/my/vendor/laravel/framework/src/Illuminate/Database/Connection.php(333): Illuminate\\Database\\Connection->run('select * from `...', Array, Object(Closure))
#2 /home/a0yq2z3dupoj/public_html/my/vendor/laravel/framework/src/Illuminate/Database/Query/Builder.php(2130): Illuminate\\Database\\Connection->select('select * from `...', Array, true)
#3 /home/a0yq2z3dupoj/public_html/my/vendor/laravel/framework/src/Illuminate/Database/Query/Builder.php(2118): Illuminate\\Database\\Query\\Builder->runSelect()
#4 /home/a0yq2z3dupoj/public_html/my/vendor/laravel/framework/src/Illuminate/Database/Query/Builder.php(2604): Illuminate\\Database\\Query\\Builder->Illuminate\\Database\\Query\\{closure}()
#5 /home/a0yq2z3dupoj/public_html/my/vendor/laravel/framework/src/Illuminate/Database/Query/Builder.php(2119): Illuminate\\Database\\Query\\Builder->onceWithColumns(Array, Object(Closure))
#6 /home/a0yq2z3dupoj/public_html/my/vendor/laravel/framework/src/Illuminate/Database/Concerns/BuildsQueries.php(77): Illuminate\\Database\\Query\\Builder->get(Array)
#7 /home/a0yq2z3dupoj/public_html/my/app/Models/Members.php(173): Illuminate\\Database\\Query\\Builder->first()
#8 /home/a0yq2z3dupoj/public_html/my/app/Providers/AppServiceProvider.php(48): ZigKart\\Models\\Members::adminData()
#9 [internal function]: ZigKart\\Providers\\AppServiceProvider->boot()
#10 /home/a0yq2z3dupoj/public_html/my/vendor/laravel/framework/src/Illuminate/Container/BoundMethod.php(32): call_user_func_array(Array, Array)
#11 /home/a0yq2z3dupoj/public_html/my/vendor/laravel/framework/src/Illuminate/Container/BoundMethod.php(90): Illuminate\\Container\\BoundMethod::Illuminate\\Container\\{closure}()
#12 /home/a0yq2z3dupoj/public_html/my/vendor/laravel/framework/src/Illuminate/Container/BoundMethod.php(34): Illuminate\\Container\\BoundMethod::callBoundMethod(Object(Illuminate\\Foundation\\Application), Array, Object(Closure))
#13 /home/a0yq2z3dupoj/public_html/my/vendor/laravel/framework/src/Illuminate/Container/Container.php(576): Illuminate\\Container\\BoundMethod::call(Object(Illuminate\\Foundation\\Application), Array, Array, NULL)
#14 /home/a0yq2z3dupoj/public_html/my/vendor/laravel/framework/src/Illuminate/Foundation/Application.php(827): Illuminate\\Container\\Container->call(Array)
#15 /home/a0yq2z3dupoj/public_html/my/vendor/laravel/framework/src/Illuminate/Foundation/Application.php(810): Illuminate\\Foundation\\Application->bootProvider(Object(ZigKart\\Providers\\AppServiceProvider))
#16 [internal function]: Illuminate\\Foundation\\Application->Illuminate\\Foundation\\{closure}(Object(ZigKart\\Providers\\AppServiceProvider), 20)
#17 /home/a0yq2z3dupoj/public_html/my/vendor/laravel/framework/src/Illuminate/Foundation/Application.php(811): array_walk(Array, Object(Closure))
#18 /home/a0yq2z3dupoj/public_html/my/vendor/laravel/framework/src/Illuminate/Foundation/Bootstrap/BootProviders.php(17): Illuminate\\Foundation\\Application->boot()
#19 /home/a0yq2z3dupoj/public_html/my/vendor/laravel/framework/src/Illuminate/Foundation/Application.php(210): Illuminate\\Foundation\\Bootstrap\\BootProviders->bootstrap(Object(Illuminate\\Foundation\\Application))
#20 /home/a0yq2z3dupoj/public_html/my/vendor/laravel/framework/src/Illuminate/Foundation/Http/Kernel.php(162): Illuminate\\Foundation\\Application->bootstrapWith(Array)
#21 /home/a0yq2z3dupoj/public_html/my/vendor/laravel/framework/src/Illuminate/Foundation/Http/Kernel.php(146): Illuminate\\Foundation\\Http\\Kernel->bootstrap()
#22 /home/a0yq2z3dupoj/public_html/my/vendor/laravel/framework/src/Illuminate/Foundation/Http/Kernel.php(116): Illuminate\\Foundation\\Http\\Kernel->sendRequestThroughRouter(Object(Illuminate\\Http\\Request))
#23 /home/a0yq2z3dupoj/public_html/my/index.php(54): Illuminate\\Foundation\\Http\\Kernel->handle(Object(Illuminate\\Http\\Request))
#24 {main}
"} 
[2021-08-27 11:08:00] local.ERROR: SQLSTATE[42000] [1203] User dummych already has more than 'max_user_connections' active connections (SQL: select * from `users` where `id` = 1 limit 1) {"exception":"[object] (Illuminate\\Database\\QueryException(code: 1203): SQLSTATE[42000] [1203] User dummych already has more than 'max_user_connections' active connections (SQL: select * from `users` where `id` = 1 limit 1) at /home/a0yq2z3dupoj/public_html/my/vendor/laravel/framework/src/Illuminate/Database/Connection.php:664, PDOException(code: 1203): SQLSTATE[42000] [1203] User dummych already has more than 'max_user_connections' active connections at /home/a0yq2z3dupoj/public_html/my/vendor/laravel/framework/src/Illuminate/Database/Connectors/Connector.php:70)
[stacktrace]
#0 /home/a0yq2z3dupoj/public_html/my/vendor/laravel/framework/src/Illuminate/Database/Connection.php(624): Illuminate\\Database\\Connection->runQueryCallback('select * from `...', Array, Object(Closure))
#1 /home/a0yq2z3dupoj/public_html/my/vendor/laravel/framework/src/Illuminate/Database/Connection.php(333): Illuminate\\Database\\Connection->run('select * from `...', Array, Object(Closure))
#2 /home/a0yq2z3dupoj/public_html/my/vendor/laravel/framework/src/Illuminate/Database/Query/Builder.php(2130): Illuminate\\Database\\Connection->select('select * from `...', Array, true)
#3 /home/a0yq2z3dupoj/public_html/my/vendor/laravel/framework/src/Illuminate/Database/Query/Builder.php(2118): Illuminate\\Database\\Query\\Builder->runSelect()
#4 /home/a0yq2z3dupoj/public_html/my/vendor/laravel/framework/src/Illuminate/Database/Query/Builder.php(2604): Illuminate\\Database\\Query\\Builder->Illuminate\\Database\\Query\\{closure}()
#5 /home/a0yq2z3dupoj/public_html/my/vendor/laravel/framework/src/Illuminate/Database/Query/Builder.php(2119): Illuminate\\Database\\Query\\Builder->onceWithColumns(Array, Object(Closure))
#6 /home/a0yq2z3dupoj/public_html/my/vendor/laravel/framework/src/Illuminate/Database/Concerns/BuildsQueries.php(77): Illuminate\\Database\\Query\\Builder->get(Array)
#7 /home/a0yq2z3dupoj/public_html/my/app/Models/Members.php(173): Illuminate\\Database\\Query\\Builder->first()
#8 /home/a0yq2z3dupoj/public_html/my/app/Providers/AppServiceProvider.php(48): ZigKart\\Models\\Members::adminData()
#9 [internal function]: ZigKart\\Providers\\AppServiceProvider->boot()
#10 /home/a0yq2z3dupoj/public_html/my/vendor/laravel/framework/src/Illuminate/Container/BoundMethod.php(32): call_user_func_array(Array, Array)
#11 /home/a0yq2z3dupoj/public_html/my/vendor/laravel/framework/src/Illuminate/Container/BoundMethod.php(90): Illuminate\\Container\\BoundMethod::Illuminate\\Container\\{closure}()
#12 /home/a0yq2z3dupoj/public_html/my/vendor/laravel/framework/src/Illuminate/Container/BoundMethod.php(34): Illuminate\\Container\\BoundMethod::callBoundMethod(Object(Illuminate\\Foundation\\Application), Array, Object(Closure))
#13 /home/a0yq2z3dupoj/public_html/my/vendor/laravel/framework/src/Illuminate/Container/Container.php(576): Illuminate\\Container\\BoundMethod::call(Object(Illuminate\\Foundation\\Application), Array, Array, NULL)
#14 /home/a0yq2z3dupoj/public_html/my/vendor/laravel/framework/src/Illuminate/Foundation/Application.php(827): Illuminate\\Container\\Container->call(Array)
#15 /home/a0yq2z3dupoj/public_html/my/vendor/laravel/framework/src/Illuminate/Foundation/Application.php(810): Illuminate\\Foundation\\Application->bootProvider(Object(ZigKart\\Providers\\AppServiceProvider))
#16 [internal function]: Illuminate\\Foundation\\Application->Illuminate\\Foundation\\{closure}(Object(ZigKart\\Providers\\AppServiceProvider), 20)
#17 /home/a0yq2z3dupoj/public_html/my/vendor/laravel/framework/src/Illuminate/Foundation/Application.php(811): array_walk(Array, Object(Closure))
#18 /home/a0yq2z3dupoj/public_html/my/vendor/laravel/framework/src/Illuminate/Foundation/Bootstrap/BootProviders.php(17): Illuminate\\Foundation\\Application->boot()
#19 /home/a0yq2z3dupoj/public_html/my/vendor/laravel/framework/src/Illuminate/Foundation/Application.php(210): Illuminate\\Foundation\\Bootstrap\\BootProviders->bootstrap(Object(Illuminate\\Foundation\\Application))
#20 /home/a0yq2z3dupoj/public_html/my/vendor/laravel/framework/src/Illuminate/Foundation/Http/Kernel.php(162): Illuminate\\Foundation\\Application->bootstrapWith(Array)
#21 /home/a0yq2z3dupoj/public_html/my/vendor/laravel/framework/src/Illuminate/Foundation/Http/Kernel.php(146): Illuminate\\Foundation\\Http\\Kernel->bootstrap()
#22 /home/a0yq2z3dupoj/public_html/my/vendor/laravel/framework/src/Illuminate/Foundation/Http/Kernel.php(116): Illuminate\\Foundation\\Http\\Kernel->sendRequestThroughRouter(Object(Illuminate\\Http\\Request))
#23 /home/a0yq2z3dupoj/public_html/my/index.php(54): Illuminate\\Foundation\\Http\\Kernel->handle(Object(Illuminate\\Http\\Request))
#24 {main}
"} 
[2021-08-27 11:08:00] local.ERROR: SQLSTATE[42000] [1203] User dummych already has more than 'max_user_connections' active connections (SQL: select * from `users` where `id` = 1 limit 1) {"exception":"[object] (Illuminate\\Database\\QueryException(code: 1203): SQLSTATE[42000] [1203] User dummych already has more than 'max_user_connections' active connections (SQL: select * from `users` where `id` = 1 limit 1) at /home/a0yq2z3dupoj/public_html/my/vendor/laravel/framework/src/Illuminate/Database/Connection.php:664, PDOException(code: 1203): SQLSTATE[42000] [1203] User dummych already has more than 'max_user_connections' active connections at /home/a0yq2z3dupoj/public_html/my/vendor/laravel/framework/src/Illuminate/Database/Connectors/Connector.php:70)
[stacktrace]
#0 /home/a0yq2z3dupoj/public_html/my/vendor/laravel/framework/src/Illuminate/Database/Connection.php(624): Illuminate\\Database\\Connection->runQueryCallback('select * from `...', Array, Object(Closure))
#1 /home/a0yq2z3dupoj/public_html/my/vendor/laravel/framework/src/Illuminate/Database/Connection.php(333): Illuminate\\Database\\Connection->run('select * from `...', Array, Object(Closure))
#2 /home/a0yq2z3dupoj/public_html/my/vendor/laravel/framework/src/Illuminate/Database/Query/Builder.php(2130): Illuminate\\Database\\Connection->select('select * from `...', Array, true)
#3 /home/a0yq2z3dupoj/public_html/my/vendor/laravel/framework/src/Illuminate/Database/Query/Builder.php(2118): Illuminate\\Database\\Query\\Builder->runSelect()
#4 /home/a0yq2z3dupoj/public_html/my/vendor/laravel/framework/src/Illuminate/Database/Query/Builder.php(2604): Illuminate\\Database\\Query\\Builder->Illuminate\\Database\\Query\\{closure}()
#5 /home/a0yq2z3dupoj/public_html/my/vendor/laravel/framework/src/Illuminate/Database/Query/Builder.php(2119): Illuminate\\Database\\Query\\Builder->onceWithColumns(Array, Object(Closure))
#6 /home/a0yq2z3dupoj/public_html/my/vendor/laravel/framework/src/Illuminate/Database/Concerns/BuildsQueries.php(77): Illuminate\\Database\\Query\\Builder->get(Array)
#7 /home/a0yq2z3dupoj/public_html/my/app/Models/Members.php(173): Illuminate\\Database\\Query\\Builder->first()
#8 /home/a0yq2z3dupoj/public_html/my/app/Providers/AppServiceProvider.php(48): ZigKart\\Models\\Members::adminData()
#9 [internal function]: ZigKart\\Providers\\AppServiceProvider->boot()
#10 /home/a0yq2z3dupoj/public_html/my/vendor/laravel/framework/src/Illuminate/Container/BoundMethod.php(32): call_user_func_array(Array, Array)
#11 /home/a0yq2z3dupoj/public_html/my/vendor/laravel/framework/src/Illuminate/Container/BoundMethod.php(90): Illuminate\\Container\\BoundMethod::Illuminate\\Container\\{closure}()
#12 /home/a0yq2z3dupoj/public_html/my/vendor/laravel/framework/src/Illuminate/Container/BoundMethod.php(34): Illuminate\\Container\\BoundMethod::callBoundMethod(Object(Illuminate\\Foundation\\Application), Array, Object(Closure))
#13 /home/a0yq2z3dupoj/public_html/my/vendor/laravel/framework/src/Illuminate/Container/Container.php(576): Illuminate\\Container\\BoundMethod::call(Object(Illuminate\\Foundation\\Application), Array, Array, NULL)
#14 /home/a0yq2z3dupoj/public_html/my/vendor/laravel/framework/src/Illuminate/Foundation/Application.php(827): Illuminate\\Container\\Container->call(Array)
#15 /home/a0yq2z3dupoj/public_html/my/vendor/laravel/framework/src/Illuminate/Foundation/Application.php(810): Illuminate\\Foundation\\Application->bootProvider(Object(ZigKart\\Providers\\AppServiceProvider))
#16 [internal function]: Illuminate\\Foundation\\Application->Illuminate\\Foundation\\{closure}(Object(ZigKart\\Providers\\AppServiceProvider), 20)
#17 /home/a0yq2z3dupoj/public_html/my/vendor/laravel/framework/src/Illuminate/Foundation/Application.php(811): array_walk(Array, Object(Closure))
#18 /home/a0yq2z3dupoj/public_html/my/vendor/laravel/framework/src/Illuminate/Foundation/Bootstrap/BootProviders.php(17): Illuminate\\Foundation\\Application->boot()
#19 /home/a0yq2z3dupoj/public_html/my/vendor/laravel/framework/src/Illuminate/Foundation/Application.php(210): Illuminate\\Foundation\\Bootstrap\\BootProviders->bootstrap(Object(Illuminate\\Foundation\\Application))
#20 /home/a0yq2z3dupoj/public_html/my/vendor/laravel/framework/src/Illuminate/Foundation/Http/Kernel.php(162): Illuminate\\Foundation\\Application->bootstrapWith(Array)
#21 /home/a0yq2z3dupoj/public_html/my/vendor/laravel/framework/src/Illuminate/Foundation/Http/Kernel.php(146): Illuminate\\Foundation\\Http\\Kernel->bootstrap()
#22 /home/a0yq2z3dupoj/public_html/my/vendor/laravel/framework/src/Illuminate/Foundation/Http/Kernel.php(116): Illuminate\\Foundation\\Http\\Kernel->sendRequestThroughRouter(Object(Illuminate\\Http\\Request))
#23 /home/a0yq2z3dupoj/public_html/my/index.php(54): Illuminate\\Foundation\\Http\\Kernel->handle(Object(Illuminate\\Http\\Request))
#24 {main}
"} 
[2021-08-27 11:08:00] local.ERROR: SQLSTATE[42000] [1203] User dummych already has more than 'max_user_connections' active connections (SQL: select * from `users` where `id` = 1 limit 1) {"exception":"[object] (Illuminate\\Database\\QueryException(code: 1203): SQLSTATE[42000] [1203] User dummych already has more than 'max_user_connections' active connections (SQL: select * from `users` where `id` = 1 limit 1) at /home/a0yq2z3dupoj/public_html/my/vendor/laravel/framework/src/Illuminate/Database/Connection.php:664, PDOException(code: 1203): SQLSTATE[42000] [1203] User dummych already has more than 'max_user_connections' active connections at /home/a0yq2z3dupoj/public_html/my/vendor/laravel/framework/src/Illuminate/Database/Connectors/Connector.php:70)
[stacktrace]
#0 /home/a0yq2z3dupoj/public_html/my/vendor/laravel/framework/src/Illuminate/Database/Connection.php(624): Illuminate\\Database\\Connection->runQueryCallback('select * from `...', Array, Object(Closure))
#1 /home/a0yq2z3dupoj/public_html/my/vendor/laravel/framework/src/Illuminate/Database/Connection.php(333): Illuminate\\Database\\Connection->run('select * from `...', Array, Object(Closure))
#2 /home/a0yq2z3dupoj/public_html/my/vendor/laravel/framework/src/Illuminate/Database/Query/Builder.php(2130): Illuminate\\Database\\Connection->select('select * from `...', Array, true)
#3 /home/a0yq2z3dupoj/public_html/my/vendor/laravel/framework/src/Illuminate/Database/Query/Builder.php(2118): Illuminate\\Database\\Query\\Builder->runSelect()
#4 /home/a0yq2z3dupoj/public_html/my/vendor/laravel/framework/src/Illuminate/Database/Query/Builder.php(2604): Illuminate\\Database\\Query\\Builder->Illuminate\\Database\\Query\\{closure}()
#5 /home/a0yq2z3dupoj/public_html/my/vendor/laravel/framework/src/Illuminate/Database/Query/Builder.php(2119): Illuminate\\Database\\Query\\Builder->onceWithColumns(Array, Object(Closure))
#6 /home/a0yq2z3dupoj/public_html/my/vendor/laravel/framework/src/Illuminate/Database/Concerns/BuildsQueries.php(77): Illuminate\\Database\\Query\\Builder->get(Array)
#7 /home/a0yq2z3dupoj/public_html/my/app/Models/Members.php(173): Illuminate\\Database\\Query\\Builder->first()
#8 /home/a0yq2z3dupoj/public_html/my/app/Providers/AppServiceProvider.php(48): ZigKart\\Models\\Members::adminData()
#9 [internal function]: ZigKart\\Providers\\AppServiceProvider->boot()
#10 /home/a0yq2z3dupoj/public_html/my/vendor/laravel/framework/src/Illuminate/Container/BoundMethod.php(32): call_user_func_array(Array, Array)
#11 /home/a0yq2z3dupoj/public_html/my/vendor/laravel/framework/src/Illuminate/Container/BoundMethod.php(90): Illuminate\\Container\\BoundMethod::Illuminate\\Container\\{closure}()
#12 /home/a0yq2z3dupoj/public_html/my/vendor/laravel/framework/src/Illuminate/Container/BoundMethod.php(34): Illuminate\\Container\\BoundMethod::callBoundMethod(Object(Illuminate\\Foundation\\Application), Array, Object(Closure))
#13 /home/a0yq2z3dupoj/public_html/my/vendor/laravel/framework/src/Illuminate/Container/Container.php(576): Illuminate\\Container\\BoundMethod::call(Object(Illuminate\\Foundation\\Application), Array, Array, NULL)
#14 /home/a0yq2z3dupoj/public_html/my/vendor/laravel/framework/src/Illuminate/Foundation/Application.php(827): Illuminate\\Container\\Container->call(Array)
#15 /home/a0yq2z3dupoj/public_html/my/vendor/laravel/framework/src/Illuminate/Foundation/Application.php(810): Illuminate\\Foundation\\Application->bootProvider(Object(ZigKart\\Providers\\AppServiceProvider))
#16 [internal function]: Illuminate\\Foundation\\Application->Illuminate\\Foundation\\{closure}(Object(ZigKart\\Providers\\AppServiceProvider), 20)
#17 /home/a0yq2z3dupoj/public_html/my/vendor/laravel/framework/src/Illuminate/Foundation/Application.php(811): array_walk(Array, Object(Closure))
#18 /home/a0yq2z3dupoj/public_html/my/vendor/laravel/framework/src/Illuminate/Foundation/Bootstrap/BootProviders.php(17): Illuminate\\Foundation\\Application->boot()
#19 /home/a0yq2z3dupoj/public_html/my/vendor/laravel/framework/src/Illuminate/Foundation/Application.php(210): Illuminate\\Foundation\\Bootstrap\\BootProviders->bootstrap(Object(Illuminate\\Foundation\\Application))
#20 /home/a0yq2z3dupoj/public_html/my/vendor/laravel/framework/src/Illuminate/Foundation/Http/Kernel.php(162): Illuminate\\Foundation\\Application->bootstrapWith(Array)
#21 /home/a0yq2z3dupoj/public_html/my/vendor/laravel/framework/src/Illuminate/Foundation/Http/Kernel.php(146): Illuminate\\Foundation\\Http\\Kernel->bootstrap()
#22 /home/a0yq2z3dupoj/public_html/my/vendor/laravel/framework/src/Illuminate/Foundation/Http/Kernel.php(116): Illuminate\\Foundation\\Http\\Kernel->sendRequestThroughRouter(Object(Illuminate\\Http\\Request))
#23 /home/a0yq2z3dupoj/public_html/my/index.php(54): Illuminate\\Foundation\\Http\\Kernel->handle(Object(Illuminate\\Http\\Request))
#24 {main}
"} 
[2021-08-27 11:08:00] local.ERROR: SQLSTATE[42000] [1203] User dummych already has more than 'max_user_connections' active connections (SQL: select * from `users` where `id` = 1 limit 1) {"exception":"[object] (Illuminate\\Database\\QueryException(code: 1203): SQLSTATE[42000] [1203] User dummych already has more than 'max_user_connections' active connections (SQL: select * from `users` where `id` = 1 limit 1) at /home/a0yq2z3dupoj/public_html/my/vendor/laravel/framework/src/Illuminate/Database/Connection.php:664, PDOException(code: 1203): SQLSTATE[42000] [1203] User dummych already has more than 'max_user_connections' active connections at /home/a0yq2z3dupoj/public_html/my/vendor/laravel/framework/src/Illuminate/Database/Connectors/Connector.php:70)
[stacktrace]
#0 /home/a0yq2z3dupoj/public_html/my/vendor/laravel/framework/src/Illuminate/Database/Connection.php(624): Illuminate\\Database\\Connection->runQueryCallback('select * from `...', Array, Object(Closure))
#1 /home/a0yq2z3dupoj/public_html/my/vendor/laravel/framework/src/Illuminate/Database/Connection.php(333): Illuminate\\Database\\Connection->run('select * from `...', Array, Object(Closure))
#2 /home/a0yq2z3dupoj/public_html/my/vendor/laravel/framework/src/Illuminate/Database/Query/Builder.php(2130): Illuminate\\Database\\Connection->select('select * from `...', Array, true)
#3 /home/a0yq2z3dupoj/public_html/my/vendor/laravel/framework/src/Illuminate/Database/Query/Builder.php(2118): Illuminate\\Database\\Query\\Builder->runSelect()
#4 /home/a0yq2z3dupoj/public_html/my/vendor/laravel/framework/src/Illuminate/Database/Query/Builder.php(2604): Illuminate\\Database\\Query\\Builder->Illuminate\\Database\\Query\\{closure}()
#5 /home/a0yq2z3dupoj/public_html/my/vendor/laravel/framework/src/Illuminate/Database/Query/Builder.php(2119): Illuminate\\Database\\Query\\Builder->onceWithColumns(Array, Object(Closure))
#6 /home/a0yq2z3dupoj/public_html/my/vendor/laravel/framework/src/Illuminate/Database/Concerns/BuildsQueries.php(77): Illuminate\\Database\\Query\\Builder->get(Array)
#7 /home/a0yq2z3dupoj/public_html/my/app/Models/Members.php(173): Illuminate\\Database\\Query\\Builder->first()
#8 /home/a0yq2z3dupoj/public_html/my/app/Providers/AppServiceProvider.php(48): ZigKart\\Models\\Members::adminData()
#9 [internal function]: ZigKart\\Providers\\AppServiceProvider->boot()
#10 /home/a0yq2z3dupoj/public_html/my/vendor/laravel/framework/src/Illuminate/Container/BoundMethod.php(32): call_user_func_array(Array, Array)
#11 /home/a0yq2z3dupoj/public_html/my/vendor/laravel/framework/src/Illuminate/Container/BoundMethod.php(90): Illuminate\\Container\\BoundMethod::Illuminate\\Container\\{closure}()
#12 /home/a0yq2z3dupoj/public_html/my/vendor/laravel/framework/src/Illuminate/Container/BoundMethod.php(34): Illuminate\\Container\\BoundMethod::callBoundMethod(Object(Illuminate\\Foundation\\Application), Array, Object(Closure))
#13 /home/a0yq2z3dupoj/public_html/my/vendor/laravel/framework/src/Illuminate/Container/Container.php(576): Illuminate\\Container\\BoundMethod::call(Object(Illuminate\\Foundation\\Application), Array, Array, NULL)
#14 /home/a0yq2z3dupoj/public_html/my/vendor/laravel/framework/src/Illuminate/Foundation/Application.php(827): Illuminate\\Container\\Container->call(Array)
#15 /home/a0yq2z3dupoj/public_html/my/vendor/laravel/framework/src/Illuminate/Foundation/Application.php(810): Illuminate\\Foundation\\Application->bootProvider(Object(ZigKart\\Providers\\AppServiceProvider))
#16 [internal function]: Illuminate\\Foundation\\Application->Illuminate\\Foundation\\{closure}(Object(ZigKart\\Providers\\AppServiceProvider), 20)
#17 /home/a0yq2z3dupoj/public_html/my/vendor/laravel/framework/src/Illuminate/Foundation/Application.php(811): array_walk(Array, Object(Closure))
#18 /home/a0yq2z3dupoj/public_html/my/vendor/laravel/framework/src/Illuminate/Foundation/Bootstrap/BootProviders.php(17): Illuminate\\Foundation\\Application->boot()
#19 /home/a0yq2z3dupoj/public_html/my/vendor/laravel/framework/src/Illuminate/Foundation/Application.php(210): Illuminate\\Foundation\\Bootstrap\\BootProviders->bootstrap(Object(Illuminate\\Foundation\\Application))
#20 /home/a0yq2z3dupoj/public_html/my/vendor/laravel/framework/src/Illuminate/Foundation/Http/Kernel.php(162): Illuminate\\Foundation\\Application->bootstrapWith(Array)
#21 /home/a0yq2z3dupoj/public_html/my/vendor/laravel/framework/src/Illuminate/Foundation/Http/Kernel.php(146): Illuminate\\Foundation\\Http\\Kernel->bootstrap()
#22 /home/a0yq2z3dupoj/public_html/my/vendor/laravel/framework/src/Illuminate/Foundation/Http/Kernel.php(116): Illuminate\\Foundation\\Http\\Kernel->sendRequestThroughRouter(Object(Illuminate\\Http\\Request))
#23 /home/a0yq2z3dupoj/public_html/my/index.php(54): Illuminate\\Foundation\\Http\\Kernel->handle(Object(Illuminate\\Http\\Request))
#24 {main}
"} 
[2021-08-27 11:08:00] local.ERROR: SQLSTATE[42000] [1203] User dummych already has more than 'max_user_connections' active connections (SQL: select * from `users` where `id` = 1 limit 1) {"exception":"[object] (Illuminate\\Database\\QueryException(code: 1203): SQLSTATE[42000] [1203] User dummych already has more than 'max_user_connections' active connections (SQL: select * from `users` where `id` = 1 limit 1) at /home/a0yq2z3dupoj/public_html/my/vendor/laravel/framework/src/Illuminate/Database/Connection.php:664, PDOException(code: 1203): SQLSTATE[42000] [1203] User dummych already has more than 'max_user_connections' active connections at /home/a0yq2z3dupoj/public_html/my/vendor/laravel/framework/src/Illuminate/Database/Connectors/Connector.php:70)
[stacktrace]
#0 /home/a0yq2z3dupoj/public_html/my/vendor/laravel/framework/src/Illuminate/Database/Connection.php(624): Illuminate\\Database\\Connection->runQueryCallback('select * from `...', Array, Object(Closure))
#1 /home/a0yq2z3dupoj/public_html/my/vendor/laravel/framework/src/Illuminate/Database/Connection.php(333): Illuminate\\Database\\Connection->run('select * from `...', Array, Object(Closure))
#2 /home/a0yq2z3dupoj/public_html/my/vendor/laravel/framework/src/Illuminate/Database/Query/Builder.php(2130): Illuminate\\Database\\Connection->select('select * from `...', Array, true)
#3 /home/a0yq2z3dupoj/public_html/my/vendor/laravel/framework/src/Illuminate/Database/Query/Builder.php(2118): Illuminate\\Database\\Query\\Builder->runSelect()
#4 /home/a0yq2z3dupoj/public_html/my/vendor/laravel/framework/src/Illuminate/Database/Query/Builder.php(2604): Illuminate\\Database\\Query\\Builder->Illuminate\\Database\\Query\\{closure}()
#5 /home/a0yq2z3dupoj/public_html/my/vendor/laravel/framework/src/Illuminate/Database/Query/Builder.php(2119): Illuminate\\Database\\Query\\Builder->onceWithColumns(Array, Object(Closure))
#6 /home/a0yq2z3dupoj/public_html/my/vendor/laravel/framework/src/Illuminate/Database/Concerns/BuildsQueries.php(77): Illuminate\\Database\\Query\\Builder->get(Array)
#7 /home/a0yq2z3dupoj/public_html/my/app/Models/Members.php(173): Illuminate\\Database\\Query\\Builder->first()
#8 /home/a0yq2z3dupoj/public_html/my/app/Providers/AppServiceProvider.php(48): ZigKart\\Models\\Members::adminData()
#9 [internal function]: ZigKart\\Providers\\AppServiceProvider->boot()
#10 /home/a0yq2z3dupoj/public_html/my/vendor/laravel/framework/src/Illuminate/Container/BoundMethod.php(32): call_user_func_array(Array, Array)
#11 /home/a0yq2z3dupoj/public_html/my/vendor/laravel/framework/src/Illuminate/Container/BoundMethod.php(90): Illuminate\\Container\\BoundMethod::Illuminate\\Container\\{closure}()
#12 /home/a0yq2z3dupoj/public_html/my/vendor/laravel/framework/src/Illuminate/Container/BoundMethod.php(34): Illuminate\\Container\\BoundMethod::callBoundMethod(Object(Illuminate\\Foundation\\Application), Array, Object(Closure))
#13 /home/a0yq2z3dupoj/public_html/my/vendor/laravel/framework/src/Illuminate/Container/Container.php(576): Illuminate\\Container\\BoundMethod::call(Object(Illuminate\\Foundation\\Application), Array, Array, NULL)
#14 /home/a0yq2z3dupoj/public_html/my/vendor/laravel/framework/src/Illuminate/Foundation/Application.php(827): Illuminate\\Container\\Container->call(Array)
#15 /home/a0yq2z3dupoj/public_html/my/vendor/laravel/framework/src/Illuminate/Foundation/Application.php(810): Illuminate\\Foundation\\Application->bootProvider(Object(ZigKart\\Providers\\AppServiceProvider))
#16 [internal function]: Illuminate\\Foundation\\Application->Illuminate\\Foundation\\{closure}(Object(ZigKart\\Providers\\AppServiceProvider), 20)
#17 /home/a0yq2z3dupoj/public_html/my/vendor/laravel/framework/src/Illuminate/Foundation/Application.php(811): array_walk(Array, Object(Closure))
#18 /home/a0yq2z3dupoj/public_html/my/vendor/laravel/framework/src/Illuminate/Foundation/Bootstrap/BootProviders.php(17): Illuminate\\Foundation\\Application->boot()
#19 /home/a0yq2z3dupoj/public_html/my/vendor/laravel/framework/src/Illuminate/Foundation/Application.php(210): Illuminate\\Foundation\\Bootstrap\\BootProviders->bootstrap(Object(Illuminate\\Foundation\\Application))
#20 /home/a0yq2z3dupoj/public_html/my/vendor/laravel/framework/src/Illuminate/Foundation/Http/Kernel.php(162): Illuminate\\Foundation\\Application->bootstrapWith(Array)
#21 /home/a0yq2z3dupoj/public_html/my/vendor/laravel/framework/src/Illuminate/Foundation/Http/Kernel.php(146): Illuminate\\Foundation\\Http\\Kernel->bootstrap()
#22 /home/a0yq2z3dupoj/public_html/my/vendor/laravel/framework/src/Illuminate/Foundation/Http/Kernel.php(116): Illuminate\\Foundation\\Http\\Kernel->sendRequestThroughRouter(Object(Illuminate\\Http\\Request))
#23 /home/a0yq2z3dupoj/public_html/my/index.php(54): Illuminate\\Foundation\\Http\\Kernel->handle(Object(Illuminate\\Http\\Request))
#24 {main}
"} 
[2021-08-27 11:08:00] local.ERROR: SQLSTATE[42000] [1203] User dummych already has more than 'max_user_connections' active connections (SQL: select * from `users` where `id` = 1 limit 1) {"exception":"[object] (Illuminate\\Database\\QueryException(code: 1203): SQLSTATE[42000] [1203] User dummych already has more than 'max_user_connections' active connections (SQL: select * from `users` where `id` = 1 limit 1) at /home/a0yq2z3dupoj/public_html/my/vendor/laravel/framework/src/Illuminate/Database/Connection.php:664, PDOException(code: 1203): SQLSTATE[42000] [1203] User dummych already has more than 'max_user_connections' active connections at /home/a0yq2z3dupoj/public_html/my/vendor/laravel/framework/src/Illuminate/Database/Connectors/Connector.php:70)
[stacktrace]
#0 /home/a0yq2z3dupoj/public_html/my/vendor/laravel/framework/src/Illuminate/Database/Connection.php(624): Illuminate\\Database\\Connection->runQueryCallback('select * from `...', Array, Object(Closure))
#1 /home/a0yq2z3dupoj/public_html/my/vendor/laravel/framework/src/Illuminate/Database/Connection.php(333): Illuminate\\Database\\Connection->run('select * from `...', Array, Object(Closure))
#2 /home/a0yq2z3dupoj/public_html/my/vendor/laravel/framework/src/Illuminate/Database/Query/Builder.php(2130): Illuminate\\Database\\Connection->select('select * from `...', Array, true)
#3 /home/a0yq2z3dupoj/public_html/my/vendor/laravel/framework/src/Illuminate/Database/Query/Builder.php(2118): Illuminate\\Database\\Query\\Builder->runSelect()
#4 /home/a0yq2z3dupoj/public_html/my/vendor/laravel/framework/src/Illuminate/Database/Query/Builder.php(2604): Illuminate\\Database\\Query\\Builder->Illuminate\\Database\\Query\\{closure}()
#5 /home/a0yq2z3dupoj/public_html/my/vendor/laravel/framework/src/Illuminate/Database/Query/Builder.php(2119): Illuminate\\Database\\Query\\Builder->onceWithColumns(Array, Object(Closure))
#6 /home/a0yq2z3dupoj/public_html/my/vendor/laravel/framework/src/Illuminate/Database/Concerns/BuildsQueries.php(77): Illuminate\\Database\\Query\\Builder->get(Array)
#7 /home/a0yq2z3dupoj/public_html/my/app/Models/Members.php(173): Illuminate\\Database\\Query\\Builder->first()
#8 /home/a0yq2z3dupoj/public_html/my/app/Providers/AppServiceProvider.php(48): ZigKart\\Models\\Members::adminData()
#9 [internal function]: ZigKart\\Providers\\AppServiceProvider->boot()
#10 /home/a0yq2z3dupoj/public_html/my/vendor/laravel/framework/src/Illuminate/Container/BoundMethod.php(32): call_user_func_array(Array, Array)
#11 /home/a0yq2z3dupoj/public_html/my/vendor/laravel/framework/src/Illuminate/Container/BoundMethod.php(90): Illuminate\\Container\\BoundMethod::Illuminate\\Container\\{closure}()
#12 /home/a0yq2z3dupoj/public_html/my/vendor/laravel/framework/src/Illuminate/Container/BoundMethod.php(34): Illuminate\\Container\\BoundMethod::callBoundMethod(Object(Illuminate\\Foundation\\Application), Array, Object(Closure))
#13 /home/a0yq2z3dupoj/public_html/my/vendor/laravel/framework/src/Illuminate/Container/Container.php(576): Illuminate\\Container\\BoundMethod::call(Object(Illuminate\\Foundation\\Application), Array, Array, NULL)
#14 /home/a0yq2z3dupoj/public_html/my/vendor/laravel/framework/src/Illuminate/Foundation/Application.php(827): Illuminate\\Container\\Container->call(Array)
#15 /home/a0yq2z3dupoj/public_html/my/vendor/laravel/framework/src/Illuminate/Foundation/Application.php(810): Illuminate\\Foundation\\Application->bootProvider(Object(ZigKart\\Providers\\AppServiceProvider))
#16 [internal function]: Illuminate\\Foundation\\Application->Illuminate\\Foundation\\{closure}(Object(ZigKart\\Providers\\AppServiceProvider), 20)
#17 /home/a0yq2z3dupoj/public_html/my/vendor/laravel/framework/src/Illuminate/Foundation/Application.php(811): array_walk(Array, Object(Closure))
#18 /home/a0yq2z3dupoj/public_html/my/vendor/laravel/framework/src/Illuminate/Foundation/Bootstrap/BootProviders.php(17): Illuminate\\Foundation\\Application->boot()
#19 /home/a0yq2z3dupoj/public_html/my/vendor/laravel/framework/src/Illuminate/Foundation/Application.php(210): Illuminate\\Foundation\\Bootstrap\\BootProviders->bootstrap(Object(Illuminate\\Foundation\\Application))
#20 /home/a0yq2z3dupoj/public_html/my/vendor/laravel/framework/src/Illuminate/Foundation/Http/Kernel.php(162): Illuminate\\Foundation\\Application->bootstrapWith(Array)
#21 /home/a0yq2z3dupoj/public_html/my/vendor/laravel/framework/src/Illuminate/Foundation/Http/Kernel.php(146): Illuminate\\Foundation\\Http\\Kernel->bootstrap()
#22 /home/a0yq2z3dupoj/public_html/my/vendor/laravel/framework/src/Illuminate/Foundation/Http/Kernel.php(116): Illuminate\\Foundation\\Http\\Kernel->sendRequestThroughRouter(Object(Illuminate\\Http\\Request))
#23 /home/a0yq2z3dupoj/public_html/my/index.php(54): Illuminate\\Foundation\\Http\\Kernel->handle(Object(Illuminate\\Http\\Request))
#24 {main}
"} 
[2021-08-27 11:08:00] local.ERROR: SQLSTATE[42000] [1203] User dummych already has more than 'max_user_connections' active connections (SQL: select * from `users` where `id` = 1 limit 1) {"exception":"[object] (Illuminate\\Database\\QueryException(code: 1203): SQLSTATE[42000] [1203] User dummych already has more than 'max_user_connections' active connections (SQL: select * from `users` where `id` = 1 limit 1) at /home/a0yq2z3dupoj/public_html/my/vendor/laravel/framework/src/Illuminate/Database/Connection.php:664, PDOException(code: 1203): SQLSTATE[42000] [1203] User dummych already has more than 'max_user_connections' active connections at /home/a0yq2z3dupoj/public_html/my/vendor/laravel/framework/src/Illuminate/Database/Connectors/Connector.php:70)
[stacktrace]
#0 /home/a0yq2z3dupoj/public_html/my/vendor/laravel/framework/src/Illuminate/Database/Connection.php(624): Illuminate\\Database\\Connection->runQueryCallback('select * from `...', Array, Object(Closure))
#1 /home/a0yq2z3dupoj/public_html/my/vendor/laravel/framework/src/Illuminate/Database/Connection.php(333): Illuminate\\Database\\Connection->run('select * from `...', Array, Object(Closure))
#2 /home/a0yq2z3dupoj/public_html/my/vendor/laravel/framework/src/Illuminate/Database/Query/Builder.php(2130): Illuminate\\Database\\Connection->select('select * from `...', Array, true)
#3 /home/a0yq2z3dupoj/public_html/my/vendor/laravel/framework/src/Illuminate/Database/Query/Builder.php(2118): Illuminate\\Database\\Query\\Builder->runSelect()
#4 /home/a0yq2z3dupoj/public_html/my/vendor/laravel/framework/src/Illuminate/Database/Query/Builder.php(2604): Illuminate\\Database\\Query\\Builder->Illuminate\\Database\\Query\\{closure}()
#5 /home/a0yq2z3dupoj/public_html/my/vendor/laravel/framework/src/Illuminate/Database/Query/Builder.php(2119): Illuminate\\Database\\Query\\Builder->onceWithColumns(Array, Object(Closure))
#6 /home/a0yq2z3dupoj/public_html/my/vendor/laravel/framework/src/Illuminate/Database/Concerns/BuildsQueries.php(77): Illuminate\\Database\\Query\\Builder->get(Array)
#7 /home/a0yq2z3dupoj/public_html/my/app/Models/Members.php(173): Illuminate\\Database\\Query\\Builder->first()
#8 /home/a0yq2z3dupoj/public_html/my/app/Providers/AppServiceProvider.php(48): ZigKart\\Models\\Members::adminData()
#9 [internal function]: ZigKart\\Providers\\AppServiceProvider->boot()
#10 /home/a0yq2z3dupoj/public_html/my/vendor/laravel/framework/src/Illuminate/Container/BoundMethod.php(32): call_user_func_array(Array, Array)
#11 /home/a0yq2z3dupoj/public_html/my/vendor/laravel/framework/src/Illuminate/Container/BoundMethod.php(90): Illuminate\\Container\\BoundMethod::Illuminate\\Container\\{closure}()
#12 /home/a0yq2z3dupoj/public_html/my/vendor/laravel/framework/src/Illuminate/Container/BoundMethod.php(34): Illuminate\\Container\\BoundMethod::callBoundMethod(Object(Illuminate\\Foundation\\Application), Array, Object(Closure))
#13 /home/a0yq2z3dupoj/public_html/my/vendor/laravel/framework/src/Illuminate/Container/Container.php(576): Illuminate\\Container\\BoundMethod::call(Object(Illuminate\\Foundation\\Application), Array, Array, NULL)
#14 /home/a0yq2z3dupoj/public_html/my/vendor/laravel/framework/src/Illuminate/Foundation/Application.php(827): Illuminate\\Container\\Container->call(Array)
#15 /home/a0yq2z3dupoj/public_html/my/vendor/laravel/framework/src/Illuminate/Foundation/Application.php(810): Illuminate\\Foundation\\Application->bootProvider(Object(ZigKart\\Providers\\AppServiceProvider))
#16 [internal function]: Illuminate\\Foundation\\Application->Illuminate\\Foundation\\{closure}(Object(ZigKart\\Providers\\AppServiceProvider), 20)
#17 /home/a0yq2z3dupoj/public_html/my/vendor/laravel/framework/src/Illuminate/Foundation/Application.php(811): array_walk(Array, Object(Closure))
#18 /home/a0yq2z3dupoj/public_html/my/vendor/laravel/framework/src/Illuminate/Foundation/Bootstrap/BootProviders.php(17): Illuminate\\Foundation\\Application->boot()
#19 /home/a0yq2z3dupoj/public_html/my/vendor/laravel/framework/src/Illuminate/Foundation/Application.php(210): Illuminate\\Foundation\\Bootstrap\\BootProviders->bootstrap(Object(Illuminate\\Foundation\\Application))
#20 /home/a0yq2z3dupoj/public_html/my/vendor/laravel/framework/src/Illuminate/Foundation/Http/Kernel.php(162): Illuminate\\Foundation\\Application->bootstrapWith(Array)
#21 /home/a0yq2z3dupoj/public_html/my/vendor/laravel/framework/src/Illuminate/Foundation/Http/Kernel.php(146): Illuminate\\Foundation\\Http\\Kernel->bootstrap()
#22 /home/a0yq2z3dupoj/public_html/my/vendor/laravel/framework/src/Illuminate/Foundation/Http/Kernel.php(116): Illuminate\\Foundation\\Http\\Kernel->sendRequestThroughRouter(Object(Illuminate\\Http\\Request))
#23 /home/a0yq2z3dupoj/public_html/my/index.php(54): Illuminate\\Foundation\\Http\\Kernel->handle(Object(Illuminate\\Http\\Request))
#24 {main}
"} 
[2021-08-27 11:08:00] local.ERROR: SQLSTATE[42000] [1203] User dummych already has more than 'max_user_connections' active connections (SQL: select * from `users` where `id` = 1 limit 1) {"exception":"[object] (Illuminate\\Database\\QueryException(code: 1203): SQLSTATE[42000] [1203] User dummych already has more than 'max_user_connections' active connections (SQL: select * from `users` where `id` = 1 limit 1) at /home/a0yq2z3dupoj/public_html/my/vendor/laravel/framework/src/Illuminate/Database/Connection.php:664, PDOException(code: 1203): SQLSTATE[42000] [1203] User dummych already has more than 'max_user_connections' active connections at /home/a0yq2z3dupoj/public_html/my/vendor/laravel/framework/src/Illuminate/Database/Connectors/Connector.php:70)
[stacktrace]
#0 /home/a0yq2z3dupoj/public_html/my/vendor/laravel/framework/src/Illuminate/Database/Connection.php(624): Illuminate\\Database\\Connection->runQueryCallback('select * from `...', Array, Object(Closure))
#1 /home/a0yq2z3dupoj/public_html/my/vendor/laravel/framework/src/Illuminate/Database/Connection.php(333): Illuminate\\Database\\Connection->run('select * from `...', Array, Object(Closure))
#2 /home/a0yq2z3dupoj/public_html/my/vendor/laravel/framework/src/Illuminate/Database/Query/Builder.php(2130): Illuminate\\Database\\Connection->select('select * from `...', Array, true)
#3 /home/a0yq2z3dupoj/public_html/my/vendor/laravel/framework/src/Illuminate/Database/Query/Builder.php(2118): Illuminate\\Database\\Query\\Builder->runSelect()
#4 /home/a0yq2z3dupoj/public_html/my/vendor/laravel/framework/src/Illuminate/Database/Query/Builder.php(2604): Illuminate\\Database\\Query\\Builder->Illuminate\\Database\\Query\\{closure}()
#5 /home/a0yq2z3dupoj/public_html/my/vendor/laravel/framework/src/Illuminate/Database/Query/Builder.php(2119): Illuminate\\Database\\Query\\Builder->onceWithColumns(Array, Object(Closure))
#6 /home/a0yq2z3dupoj/public_html/my/vendor/laravel/framework/src/Illuminate/Database/Concerns/BuildsQueries.php(77): Illuminate\\Database\\Query\\Builder->get(Array)
#7 /home/a0yq2z3dupoj/public_html/my/app/Models/Members.php(173): Illuminate\\Database\\Query\\Builder->first()
#8 /home/a0yq2z3dupoj/public_html/my/app/Providers/AppServiceProvider.php(48): ZigKart\\Models\\Members::adminData()
#9 [internal function]: ZigKart\\Providers\\AppServiceProvider->boot()
#10 /home/a0yq2z3dupoj/public_html/my/vendor/laravel/framework/src/Illuminate/Container/BoundMethod.php(32): call_user_func_array(Array, Array)
#11 /home/a0yq2z3dupoj/public_html/my/vendor/laravel/framework/src/Illuminate/Container/BoundMethod.php(90): Illuminate\\Container\\BoundMethod::Illuminate\\Container\\{closure}()
#12 /home/a0yq2z3dupoj/public_html/my/vendor/laravel/framework/src/Illuminate/Container/BoundMethod.php(34): Illuminate\\Container\\BoundMethod::callBoundMethod(Object(Illuminate\\Foundation\\Application), Array, Object(Closure))
#13 /home/a0yq2z3dupoj/public_html/my/vendor/laravel/framework/src/Illuminate/Container/Container.php(576): Illuminate\\Container\\BoundMethod::call(Object(Illuminate\\Foundation\\Application), Array, Array, NULL)
#14 /home/a0yq2z3dupoj/public_html/my/vendor/laravel/framework/src/Illuminate/Foundation/Application.php(827): Illuminate\\Container\\Container->call(Array)
#15 /home/a0yq2z3dupoj/public_html/my/vendor/laravel/framework/src/Illuminate/Foundation/Application.php(810): Illuminate\\Foundation\\Application->bootProvider(Object(ZigKart\\Providers\\AppServiceProvider))
#16 [internal function]: Illuminate\\Foundation\\Application->Illuminate\\Foundation\\{closure}(Object(ZigKart\\Providers\\AppServiceProvider), 20)
#17 /home/a0yq2z3dupoj/public_html/my/vendor/laravel/framework/src/Illuminate/Foundation/Application.php(811): array_walk(Array, Object(Closure))
#18 /home/a0yq2z3dupoj/public_html/my/vendor/laravel/framework/src/Illuminate/Foundation/Bootstrap/BootProviders.php(17): Illuminate\\Foundation\\Application->boot()
#19 /home/a0yq2z3dupoj/public_html/my/vendor/laravel/framework/src/Illuminate/Foundation/Application.php(210): Illuminate\\Foundation\\Bootstrap\\BootProviders->bootstrap(Object(Illuminate\\Foundation\\Application))
#20 /home/a0yq2z3dupoj/public_html/my/vendor/laravel/framework/src/Illuminate/Foundation/Http/Kernel.php(162): Illuminate\\Foundation\\Application->bootstrapWith(Array)
#21 /home/a0yq2z3dupoj/public_html/my/vendor/laravel/framework/src/Illuminate/Foundation/Http/Kernel.php(146): Illuminate\\Foundation\\Http\\Kernel->bootstrap()
#22 /home/a0yq2z3dupoj/public_html/my/vendor/laravel/framework/src/Illuminate/Foundation/Http/Kernel.php(116): Illuminate\\Foundation\\Http\\Kernel->sendRequestThroughRouter(Object(Illuminate\\Http\\Request))
#23 /home/a0yq2z3dupoj/public_html/my/index.php(54): Illuminate\\Foundation\\Http\\Kernel->handle(Object(Illuminate\\Http\\Request))
#24 {main}
"} 
[2021-08-27 11:08:00] local.ERROR: SQLSTATE[42000] [1203] User dummych already has more than 'max_user_connections' active connections (SQL: select * from `users` where `id` = 1 limit 1) {"exception":"[object] (Illuminate\\Database\\QueryException(code: 1203): SQLSTATE[42000] [1203] User dummych already has more than 'max_user_connections' active connections (SQL: select * from `users` where `id` = 1 limit 1) at /home/a0yq2z3dupoj/public_html/my/vendor/laravel/framework/src/Illuminate/Database/Connection.php:664, PDOException(code: 1203): SQLSTATE[42000] [1203] User dummych already has more than 'max_user_connections' active connections at /home/a0yq2z3dupoj/public_html/my/vendor/laravel/framework/src/Illuminate/Database/Connectors/Connector.php:70)
[stacktrace]
#0 /home/a0yq2z3dupoj/public_html/my/vendor/laravel/framework/src/Illuminate/Database/Connection.php(624): Illuminate\\Database\\Connection->runQueryCallback('select * from `...', Array, Object(Closure))
#1 /home/a0yq2z3dupoj/public_html/my/vendor/laravel/framework/src/Illuminate/Database/Connection.php(333): Illuminate\\Database\\Connection->run('select * from `...', Array, Object(Closure))
#2 /home/a0yq2z3dupoj/public_html/my/vendor/laravel/framework/src/Illuminate/Database/Query/Builder.php(2130): Illuminate\\Database\\Connection->select('select * from `...', Array, true)
#3 /home/a0yq2z3dupoj/public_html/my/vendor/laravel/framework/src/Illuminate/Database/Query/Builder.php(2118): Illuminate\\Database\\Query\\Builder->runSelect()
#4 /home/a0yq2z3dupoj/public_html/my/vendor/laravel/framework/src/Illuminate/Database/Query/Builder.php(2604): Illuminate\\Database\\Query\\Builder->Illuminate\\Database\\Query\\{closure}()
#5 /home/a0yq2z3dupoj/public_html/my/vendor/laravel/framework/src/Illuminate/Database/Query/Builder.php(2119): Illuminate\\Database\\Query\\Builder->onceWithColumns(Array, Object(Closure))
#6 /home/a0yq2z3dupoj/public_html/my/vendor/laravel/framework/src/Illuminate/Database/Concerns/BuildsQueries.php(77): Illuminate\\Database\\Query\\Builder->get(Array)
#7 /home/a0yq2z3dupoj/public_html/my/app/Models/Members.php(173): Illuminate\\Database\\Query\\Builder->first()
#8 /home/a0yq2z3dupoj/public_html/my/app/Providers/AppServiceProvider.php(48): ZigKart\\Models\\Members::adminData()
#9 [internal function]: ZigKart\\Providers\\AppServiceProvider->boot()
#10 /home/a0yq2z3dupoj/public_html/my/vendor/laravel/framework/src/Illuminate/Container/BoundMethod.php(32): call_user_func_array(Array, Array)
#11 /home/a0yq2z3dupoj/public_html/my/vendor/laravel/framework/src/Illuminate/Container/BoundMethod.php(90): Illuminate\\Container\\BoundMethod::Illuminate\\Container\\{closure}()
#12 /home/a0yq2z3dupoj/public_html/my/vendor/laravel/framework/src/Illuminate/Container/BoundMethod.php(34): Illuminate\\Container\\BoundMethod::callBoundMethod(Object(Illuminate\\Foundation\\Application), Array, Object(Closure))
#13 /home/a0yq2z3dupoj/public_html/my/vendor/laravel/framework/src/Illuminate/Container/Container.php(576): Illuminate\\Container\\BoundMethod::call(Object(Illuminate\\Foundation\\Application), Array, Array, NULL)
#14 /home/a0yq2z3dupoj/public_html/my/vendor/laravel/framework/src/Illuminate/Foundation/Application.php(827): Illuminate\\Container\\Container->call(Array)
#15 /home/a0yq2z3dupoj/public_html/my/vendor/laravel/framework/src/Illuminate/Foundation/Application.php(810): Illuminate\\Foundation\\Application->bootProvider(Object(ZigKart\\Providers\\AppServiceProvider))
#16 [internal function]: Illuminate\\Foundation\\Application->Illuminate\\Foundation\\{closure}(Object(ZigKart\\Providers\\AppServiceProvider), 20)
#17 /home/a0yq2z3dupoj/public_html/my/vendor/laravel/framework/src/Illuminate/Foundation/Application.php(811): array_walk(Array, Object(Closure))
#18 /home/a0yq2z3dupoj/public_html/my/vendor/laravel/framework/src/Illuminate/Foundation/Bootstrap/BootProviders.php(17): Illuminate\\Foundation\\Application->boot()
#19 /home/a0yq2z3dupoj/public_html/my/vendor/laravel/framework/src/Illuminate/Foundation/Application.php(210): Illuminate\\Foundation\\Bootstrap\\BootProviders->bootstrap(Object(Illuminate\\Foundation\\Application))
#20 /home/a0yq2z3dupoj/public_html/my/vendor/laravel/framework/src/Illuminate/Foundation/Http/Kernel.php(162): Illuminate\\Foundation\\Application->bootstrapWith(Array)
#21 /home/a0yq2z3dupoj/public_html/my/vendor/laravel/framework/src/Illuminate/Foundation/Http/Kernel.php(146): Illuminate\\Foundation\\Http\\Kernel->bootstrap()
#22 /home/a0yq2z3dupoj/public_html/my/vendor/laravel/framework/src/Illuminate/Foundation/Http/Kernel.php(116): Illuminate\\Foundation\\Http\\Kernel->sendRequestThroughRouter(Object(Illuminate\\Http\\Request))
#23 /home/a0yq2z3dupoj/public_html/my/index.php(54): Illuminate\\Foundation\\Http\\Kernel->handle(Object(Illuminate\\Http\\Request))
#24 {main}
"} 
[2021-08-27 11:08:00] local.ERROR: SQLSTATE[42000] [1203] User dummych already has more than 'max_user_connections' active connections (SQL: select * from `users` where `id` = 1 limit 1) {"exception":"[object] (Illuminate\\Database\\QueryException(code: 1203): SQLSTATE[42000] [1203] User dummych already has more than 'max_user_connections' active connections (SQL: select * from `users` where `id` = 1 limit 1) at /home/a0yq2z3dupoj/public_html/my/vendor/laravel/framework/src/Illuminate/Database/Connection.php:664, PDOException(code: 1203): SQLSTATE[42000] [1203] User dummych already has more than 'max_user_connections' active connections at /home/a0yq2z3dupoj/public_html/my/vendor/laravel/framework/src/Illuminate/Database/Connectors/Connector.php:70)
[stacktrace]
#0 /home/a0yq2z3dupoj/public_html/my/vendor/laravel/framework/src/Illuminate/Database/Connection.php(624): Illuminate\\Database\\Connection->runQueryCallback('select * from `...', Array, Object(Closure))
#1 /home/a0yq2z3dupoj/public_html/my/vendor/laravel/framework/src/Illuminate/Database/Connection.php(333): Illuminate\\Database\\Connection->run('select * from `...', Array, Object(Closure))
#2 /home/a0yq2z3dupoj/public_html/my/vendor/laravel/framework/src/Illuminate/Database/Query/Builder.php(2130): Illuminate\\Database\\Connection->select('select * from `...', Array, true)
#3 /home/a0yq2z3dupoj/public_html/my/vendor/laravel/framework/src/Illuminate/Database/Query/Builder.php(2118): Illuminate\\Database\\Query\\Builder->runSelect()
#4 /home/a0yq2z3dupoj/public_html/my/vendor/laravel/framework/src/Illuminate/Database/Query/Builder.php(2604): Illuminate\\Database\\Query\\Builder->Illuminate\\Database\\Query\\{closure}()
#5 /home/a0yq2z3dupoj/public_html/my/vendor/laravel/framework/src/Illuminate/Database/Query/Builder.php(2119): Illuminate\\Database\\Query\\Builder->onceWithColumns(Array, Object(Closure))
#6 /home/a0yq2z3dupoj/public_html/my/vendor/laravel/framework/src/Illuminate/Database/Concerns/BuildsQueries.php(77): Illuminate\\Database\\Query\\Builder->get(Array)
#7 /home/a0yq2z3dupoj/public_html/my/app/Models/Members.php(173): Illuminate\\Database\\Query\\Builder->first()
#8 /home/a0yq2z3dupoj/public_html/my/app/Providers/AppServiceProvider.php(48): ZigKart\\Models\\Members::adminData()
#9 [internal function]: ZigKart\\Providers\\AppServiceProvider->boot()
#10 /home/a0yq2z3dupoj/public_html/my/vendor/laravel/framework/src/Illuminate/Container/BoundMethod.php(32): call_user_func_array(Array, Array)
#11 /home/a0yq2z3dupoj/public_html/my/vendor/laravel/framework/src/Illuminate/Container/BoundMethod.php(90): Illuminate\\Container\\BoundMethod::Illuminate\\Container\\{closure}()
#12 /home/a0yq2z3dupoj/public_html/my/vendor/laravel/framework/src/Illuminate/Container/BoundMethod.php(34): Illuminate\\Container\\BoundMethod::callBoundMethod(Object(Illuminate\\Foundation\\Application), Array, Object(Closure))
#13 /home/a0yq2z3dupoj/public_html/my/vendor/laravel/framework/src/Illuminate/Container/Container.php(576): Illuminate\\Container\\BoundMethod::call(Object(Illuminate\\Foundation\\Application), Array, Array, NULL)
#14 /home/a0yq2z3dupoj/public_html/my/vendor/laravel/framework/src/Illuminate/Foundation/Application.php(827): Illuminate\\Container\\Container->call(Array)
#15 /home/a0yq2z3dupoj/public_html/my/vendor/laravel/framework/src/Illuminate/Foundation/Application.php(810): Illuminate\\Foundation\\Application->bootProvider(Object(ZigKart\\Providers\\AppServiceProvider))
#16 [internal function]: Illuminate\\Foundation\\Application->Illuminate\\Foundation\\{closure}(Object(ZigKart\\Providers\\AppServiceProvider), 20)
#17 /home/a0yq2z3dupoj/public_html/my/vendor/laravel/framework/src/Illuminate/Foundation/Application.php(811): array_walk(Array, Object(Closure))
#18 /home/a0yq2z3dupoj/public_html/my/vendor/laravel/framework/src/Illuminate/Foundation/Bootstrap/BootProviders.php(17): Illuminate\\Foundation\\Application->boot()
#19 /home/a0yq2z3dupoj/public_html/my/vendor/laravel/framework/src/Illuminate/Foundation/Application.php(210): Illuminate\\Foundation\\Bootstrap\\BootProviders->bootstrap(Object(Illuminate\\Foundation\\Application))
#20 /home/a0yq2z3dupoj/public_html/my/vendor/laravel/framework/src/Illuminate/Foundation/Http/Kernel.php(162): Illuminate\\Foundation\\Application->bootstrapWith(Array)
#21 /home/a0yq2z3dupoj/public_html/my/vendor/laravel/framework/src/Illuminate/Foundation/Http/Kernel.php(146): Illuminate\\Foundation\\Http\\Kernel->bootstrap()
#22 /home/a0yq2z3dupoj/public_html/my/vendor/laravel/framework/src/Illuminate/Foundation/Http/Kernel.php(116): Illuminate\\Foundation\\Http\\Kernel->sendRequestThroughRouter(Object(Illuminate\\Http\\Request))
#23 /home/a0yq2z3dupoj/public_html/my/index.php(54): Illuminate\\Foundation\\Http\\Kernel->handle(Object(Illuminate\\Http\\Request))
#24 {main}
"} 
[2021-08-27 11:08:00] local.ERROR: SQLSTATE[42000] [1203] User dummych already has more than 'max_user_connections' active connections (SQL: select * from `users` where `id` = 1 limit 1) {"exception":"[object] (Illuminate\\Database\\QueryException(code: 1203): SQLSTATE[42000] [1203] User dummych already has more than 'max_user_connections' active connections (SQL: select * from `users` where `id` = 1 limit 1) at /home/a0yq2z3dupoj/public_html/my/vendor/laravel/framework/src/Illuminate/Database/Connection.php:664, PDOException(code: 1203): SQLSTATE[42000] [1203] User dummych already has more than 'max_user_connections' active connections at /home/a0yq2z3dupoj/public_html/my/vendor/laravel/framework/src/Illuminate/Database/Connectors/Connector.php:70)
[stacktrace]
#0 /home/a0yq2z3dupoj/public_html/my/vendor/laravel/framework/src/Illuminate/Database/Connection.php(624): Illuminate\\Database\\Connection->runQueryCallback('select * from `...', Array, Object(Closure))
#1 /home/a0yq2z3dupoj/public_html/my/vendor/laravel/framework/src/Illuminate/Database/Connection.php(333): Illuminate\\Database\\Connection->run('select * from `...', Array, Object(Closure))
#2 /home/a0yq2z3dupoj/public_html/my/vendor/laravel/framework/src/Illuminate/Database/Query/Builder.php(2130): Illuminate\\Database\\Connection->select('select * from `...', Array, true)
#3 /home/a0yq2z3dupoj/public_html/my/vendor/laravel/framework/src/Illuminate/Database/Query/Builder.php(2118): Illuminate\\Database\\Query\\Builder->runSelect()
#4 /home/a0yq2z3dupoj/public_html/my/vendor/laravel/framework/src/Illuminate/Database/Query/Builder.php(2604): Illuminate\\Database\\Query\\Builder->Illuminate\\Database\\Query\\{closure}()
#5 /home/a0yq2z3dupoj/public_html/my/vendor/laravel/framework/src/Illuminate/Database/Query/Builder.php(2119): Illuminate\\Database\\Query\\Builder->onceWithColumns(Array, Object(Closure))
#6 /home/a0yq2z3dupoj/public_html/my/vendor/laravel/framework/src/Illuminate/Database/Concerns/BuildsQueries.php(77): Illuminate\\Database\\Query\\Builder->get(Array)
#7 /home/a0yq2z3dupoj/public_html/my/app/Models/Members.php(173): Illuminate\\Database\\Query\\Builder->first()
#8 /home/a0yq2z3dupoj/public_html/my/app/Providers/AppServiceProvider.php(48): ZigKart\\Models\\Members::adminData()
#9 [internal function]: ZigKart\\Providers\\AppServiceProvider->boot()
#10 /home/a0yq2z3dupoj/public_html/my/vendor/laravel/framework/src/Illuminate/Container/BoundMethod.php(32): call_user_func_array(Array, Array)
#11 /home/a0yq2z3dupoj/public_html/my/vendor/laravel/framework/src/Illuminate/Container/BoundMethod.php(90): Illuminate\\Container\\BoundMethod::Illuminate\\Container\\{closure}()
#12 /home/a0yq2z3dupoj/public_html/my/vendor/laravel/framework/src/Illuminate/Container/BoundMethod.php(34): Illuminate\\Container\\BoundMethod::callBoundMethod(Object(Illuminate\\Foundation\\Application), Array, Object(Closure))
#13 /home/a0yq2z3dupoj/public_html/my/vendor/laravel/framework/src/Illuminate/Container/Container.php(576): Illuminate\\Container\\BoundMethod::call(Object(Illuminate\\Foundation\\Application), Array, Array, NULL)
#14 /home/a0yq2z3dupoj/public_html/my/vendor/laravel/framework/src/Illuminate/Foundation/Application.php(827): Illuminate\\Container\\Container->call(Array)
#15 /home/a0yq2z3dupoj/public_html/my/vendor/laravel/framework/src/Illuminate/Foundation/Application.php(810): Illuminate\\Foundation\\Application->bootProvider(Object(ZigKart\\Providers\\AppServiceProvider))
#16 [internal function]: Illuminate\\Foundation\\Application->Illuminate\\Foundation\\{closure}(Object(ZigKart\\Providers\\AppServiceProvider), 20)
#17 /home/a0yq2z3dupoj/public_html/my/vendor/laravel/framework/src/Illuminate/Foundation/Application.php(811): array_walk(Array, Object(Closure))
#18 /home/a0yq2z3dupoj/public_html/my/vendor/laravel/framework/src/Illuminate/Foundation/Bootstrap/BootProviders.php(17): Illuminate\\Foundation\\Application->boot()
#19 /home/a0yq2z3dupoj/public_html/my/vendor/laravel/framework/src/Illuminate/Foundation/Application.php(210): Illuminate\\Foundation\\Bootstrap\\BootProviders->bootstrap(Object(Illuminate\\Foundation\\Application))
#20 /home/a0yq2z3dupoj/public_html/my/vendor/laravel/framework/src/Illuminate/Foundation/Http/Kernel.php(162): Illuminate\\Foundation\\Application->bootstrapWith(Array)
#21 /home/a0yq2z3dupoj/public_html/my/vendor/laravel/framework/src/Illuminate/Foundation/Http/Kernel.php(146): Illuminate\\Foundation\\Http\\Kernel->bootstrap()
#22 /home/a0yq2z3dupoj/public_html/my/vendor/laravel/framework/src/Illuminate/Foundation/Http/Kernel.php(116): Illuminate\\Foundation\\Http\\Kernel->sendRequestThroughRouter(Object(Illuminate\\Http\\Request))
#23 /home/a0yq2z3dupoj/public_html/my/index.php(54): Illuminate\\Foundation\\Http\\Kernel->handle(Object(Illuminate\\Http\\Request))
#24 {main}
"} 
[2021-08-27 11:08:00] local.ERROR: SQLSTATE[42000] [1203] User dummych already has more than 'max_user_connections' active connections (SQL: select * from `users` where `id` = 1 limit 1) {"exception":"[object] (Illuminate\\Database\\QueryException(code: 1203): SQLSTATE[42000] [1203] User dummych already has more than 'max_user_connections' active connections (SQL: select * from `users` where `id` = 1 limit 1) at /home/a0yq2z3dupoj/public_html/my/vendor/laravel/framework/src/Illuminate/Database/Connection.php:664, PDOException(code: 1203): SQLSTATE[42000] [1203] User dummych already has more than 'max_user_connections' active connections at /home/a0yq2z3dupoj/public_html/my/vendor/laravel/framework/src/Illuminate/Database/Connectors/Connector.php:70)
[stacktrace]
#0 /home/a0yq2z3dupoj/public_html/my/vendor/laravel/framework/src/Illuminate/Database/Connection.php(624): Illuminate\\Database\\Connection->runQueryCallback('select * from `...', Array, Object(Closure))
#1 /home/a0yq2z3dupoj/public_html/my/vendor/laravel/framework/src/Illuminate/Database/Connection.php(333): Illuminate\\Database\\Connection->run('select * from `...', Array, Object(Closure))
#2 /home/a0yq2z3dupoj/public_html/my/vendor/laravel/framework/src/Illuminate/Database/Query/Builder.php(2130): Illuminate\\Database\\Connection->select('select * from `...', Array, true)
#3 /home/a0yq2z3dupoj/public_html/my/vendor/laravel/framework/src/Illuminate/Database/Query/Builder.php(2118): Illuminate\\Database\\Query\\Builder->runSelect()
#4 /home/a0yq2z3dupoj/public_html/my/vendor/laravel/framework/src/Illuminate/Database/Query/Builder.php(2604): Illuminate\\Database\\Query\\Builder->Illuminate\\Database\\Query\\{closure}()
#5 /home/a0yq2z3dupoj/public_html/my/vendor/laravel/framework/src/Illuminate/Database/Query/Builder.php(2119): Illuminate\\Database\\Query\\Builder->onceWithColumns(Array, Object(Closure))
#6 /home/a0yq2z3dupoj/public_html/my/vendor/laravel/framework/src/Illuminate/Database/Concerns/BuildsQueries.php(77): Illuminate\\Database\\Query\\Builder->get(Array)
#7 /home/a0yq2z3dupoj/public_html/my/app/Models/Members.php(173): Illuminate\\Database\\Query\\Builder->first()
#8 /home/a0yq2z3dupoj/public_html/my/app/Providers/AppServiceProvider.php(48): ZigKart\\Models\\Members::adminData()
#9 [internal function]: ZigKart\\Providers\\AppServiceProvider->boot()
#10 /home/a0yq2z3dupoj/public_html/my/vendor/laravel/framework/src/Illuminate/Container/BoundMethod.php(32): call_user_func_array(Array, Array)
#11 /home/a0yq2z3dupoj/public_html/my/vendor/laravel/framework/src/Illuminate/Container/BoundMethod.php(90): Illuminate\\Container\\BoundMethod::Illuminate\\Container\\{closure}()
#12 /home/a0yq2z3dupoj/public_html/my/vendor/laravel/framework/src/Illuminate/Container/BoundMethod.php(34): Illuminate\\Container\\BoundMethod::callBoundMethod(Object(Illuminate\\Foundation\\Application), Array, Object(Closure))
#13 /home/a0yq2z3dupoj/public_html/my/vendor/laravel/framework/src/Illuminate/Container/Container.php(576): Illuminate\\Container\\BoundMethod::call(Object(Illuminate\\Foundation\\Application), Array, Array, NULL)
#14 /home/a0yq2z3dupoj/public_html/my/vendor/laravel/framework/src/Illuminate/Foundation/Application.php(827): Illuminate\\Container\\Container->call(Array)
#15 /home/a0yq2z3dupoj/public_html/my/vendor/laravel/framework/src/Illuminate/Foundation/Application.php(810): Illuminate\\Foundation\\Application->bootProvider(Object(ZigKart\\Providers\\AppServiceProvider))
#16 [internal function]: Illuminate\\Foundation\\Application->Illuminate\\Foundation\\{closure}(Object(ZigKart\\Providers\\AppServiceProvider), 20)
#17 /home/a0yq2z3dupoj/public_html/my/vendor/laravel/framework/src/Illuminate/Foundation/Application.php(811): array_walk(Array, Object(Closure))
#18 /home/a0yq2z3dupoj/public_html/my/vendor/laravel/framework/src/Illuminate/Foundation/Bootstrap/BootProviders.php(17): Illuminate\\Foundation\\Application->boot()
#19 /home/a0yq2z3dupoj/public_html/my/vendor/laravel/framework/src/Illuminate/Foundation/Application.php(210): Illuminate\\Foundation\\Bootstrap\\BootProviders->bootstrap(Object(Illuminate\\Foundation\\Application))
#20 /home/a0yq2z3dupoj/public_html/my/vendor/laravel/framework/src/Illuminate/Foundation/Http/Kernel.php(162): Illuminate\\Foundation\\Application->bootstrapWith(Array)
#21 /home/a0yq2z3dupoj/public_html/my/vendor/laravel/framework/src/Illuminate/Foundation/Http/Kernel.php(146): Illuminate\\Foundation\\Http\\Kernel->bootstrap()
#22 /home/a0yq2z3dupoj/public_html/my/vendor/laravel/framework/src/Illuminate/Foundation/Http/Kernel.php(116): Illuminate\\Foundation\\Http\\Kernel->sendRequestThroughRouter(Object(Illuminate\\Http\\Request))
#23 /home/a0yq2z3dupoj/public_html/my/index.php(54): Illuminate\\Foundation\\Http\\Kernel->handle(Object(Illuminate\\Http\\Request))
#24 {main}
"} 
